<?xml version="1.0" encoding="utf-8"?><testsuites name="pytest tests"><testsuite name="pytest" errors="0" failures="0" skipped="19" tests="2993" time="69.209" timestamp="2026-06-08T09:01:22.519098+02:00" hostname="MacBook-Pro-de-Borja.local"><testcase classname="" name="tests.test_llamaindex_bridge" time="0.000"><skipped message="collection skipped">('/Users/borjafernandezangulo/10_PROJECTS/cortex-persist/tests/test_llamaindex_bridge.py', 4, "Skipped: could not import 'llama_index': No module named 'llama_index'")</skipped></testcase><testcase classname="tests.engine.test_engine_determinism" name="test_engine_no_bare_print[cortex/engine/keter.py]" time="0.015" /><testcase classname="tests.engine.test_engine_determinism" name="test_engine_no_bare_print[cortex/engine/_genome_mutator.py]" time="0.016" /><testcase classname="tests.genesis.test_genesis_engine.TestComposeTemplates" name="test_compose_module_and_test" time="0.011" /><testcase classname="tests.genesis.test_genesis_engine.TestComposeTemplates" name="test_compose_handles_missing_template" time="0.001" /><testcase classname="tests.genesis.test_models.TestComponentSpec" name="test_defaults" time="0.000" /><testcase classname="tests.genesis.test_models.TestComponentSpec" name="test_to_dict_roundtrip" time="0.000" /><testcase classname="tests.genesis.test_models.TestComponentSpec" name="test_from_dict_minimal" time="0.002" /><testcase classname="tests.engine.test_engine_determinism" name="test_engine_module_importable[cortex.engine.embedding_engine]" time="0.018" /><testcase classname="tests.engine.test_engine_determinism" name="test_engine_no_bare_print[cortex/engine/legion.py]" time="0.007" /><testcase classname="tests.engine.test_engine_determinism" name="test_engine_no_bare_print[cortex/engine/_genome_tree_helper.py]" time="0.005" /><testcase classname="tests.engine.test_engine_determinism" name="test_engine_module_importable[cortex.engine.privacy_mixin]" time="0.017" /><testcase classname="tests.engine.test_engine_determinism" name="test_engine_module_importable[cortex.engine.psychology]" time="0.002" /><testcase classname="tests.engine.test_engine_determinism" name="test_engine_module_importable[cortex.engine.query_mixin]" time="0.001" /><testcase classname="tests.engine.test_engine_determinism" name="test_engine_module_importable[cortex.engine.reaper]" time="0.002" /><testcase classname="tests.agents.test_agent_runtime.TestAgentMessage" name="test_serialization_roundtrip" time="0.015" /><testcase classname="tests.agents.test_agent_runtime.TestAgentMessage" name="test_message_kind_values" time="0.001" /><testcase classname="tests.agents.test_agent_runtime.TestSqliteMessageBus" name="test_send_receive" time="0.044" /><testcase classname="tests.engine.test_engine_determinism" name="test_engine_module_importable[cortex.engine.encb_router]" time="0.007" /><testcase classname="tests.extensions.daemon.test_pes_benchmark" name="test_anomaly_false_negative" time="0.017" /><testcase classname="tests.embeddings.test_api_embedder.TestProviderConfigs" name="test_gemini_v2_multimodal" time="0.023" /><testcase classname="tests.engine.test_engine_determinism" name="test_engine_no_bare_print[cortex/engine/_genome_types.py]" time="0.007" /><testcase classname="tests.engine.test_engine_determinism" name="test_engine_no_bare_print[cortex/engine/smte/weismann_barrier.py]" time="0.022" /><testcase classname="tests.engine.test_engine_determinism" name="test_engine_no_bare_print[cortex/engine/snapshots.py]" time="0.006" /><testcase classname="tests.genesis.test_models.TestSystemSpec" name="test_defaults" time="0.002" /><testcase classname="tests.genesis.test_models.TestSystemSpec" name="test_to_dict_roundtrip" time="0.001" /><testcase classname="tests.genesis.test_models.TestSystemSpec" name="test_from_dict_minimal" time="0.001" /><testcase classname="tests.genesis.test_models.TestGenesisResult" name="test_summary_passed" time="0.001" /><testcase classname="tests.engine.test_engine_determinism" name="test_engine_no_bare_print[cortex/engine/legion_vectors.py]" time="0.003" /><testcase classname="tests.engine.test_engine_determinism" name="test_engine_module_importable[cortex.engine.reflex]" time="0.001" /><testcase classname="tests.engine.test_engine_determinism" name="test_engine_module_importable[cortex.engine.reflexion]" time="0.001" /><testcase classname="tests.agents.test_copilot_agent.TestContractModels" name="test_telemetry_acceptance_rate" time="0.024" /><testcase classname="tests.embeddings.test_api_embedder.TestProviderConfigs" name="test_gemini_v1_no_multimodal" time="0.001" /><testcase classname="tests.genesis.test_models.TestGenesisResult" name="test_summary_failed" time="0.003" /><testcase classname="tests.engine.test_engine_determinism" name="test_engine_module_importable[cortex.engine.rem_cycle]" time="0.003" /><testcase classname="tests.agents.test_copilot_agent.TestContractModels" name="test_code_edit_model" time="0.002" /><testcase classname="tests.agents.test_copilot_infrastructure.TestContextWindow" name="test_estimate_tokens" time="0.001" /><testcase classname="tests.extensions.daemon.test_pes_benchmark" name="test_recovery_after_authorization" time="0.014" /><testcase classname="tests.engine.test_engine_determinism" name="test_engine_module_importable[cortex.engine.repair_strategies]" time="0.002" /><testcase classname="tests.engine.test_engine_determinism" name="test_engine_no_bare_print[cortex/engine/sovereign_arbiter.py]" time="0.002" /><testcase classname="tests.engine.test_engine_determinism" name="test_engine_no_bare_print[cortex/engine/squadrons.py]" time="0.007" /><testcase classname="tests.engine.test_engine_determinism" name="test_engine_no_bare_print[cortex/engine/_mutation_projectors.py]" time="0.007" /><testcase classname="tests.engine.test_engine_determinism" name="test_engine_module_importable[cortex.engine.endocrine]" time="0.001" /><testcase classname="tests.engine.test_engine_determinism" name="test_engine_module_importable[cortex.engine.enrichment_queue]" time="0.001" /><testcase classname="tests.engine.test_engine_determinism" name="test_engine_module_importable[cortex.engine.enrichment_worker]" time="0.001" /><testcase classname="tests.engine.test_engine_determinism" name="test_engine_module_importable[cortex.engine.entropy]" time="0.003" /><testcase classname="tests.engine.test_engine_determinism" name="test_engine_module_importable[cortex.engine.reporter]" time="0.004" /><testcase classname="tests.engine.test_engine_determinism" name="test_engine_module_importable[cortex.engine.reporterd]" time="0.042" /><testcase classname="tests.engine.test_engine_determinism" name="test_engine_no_bare_print[cortex/engine/agent_mixin.py]" time="0.002" /><testcase classname="tests.engine.test_engine_determinism" name="test_engine_no_bare_print[cortex/engine/aleph_omega.py]" time="0.002" /><testcase classname="tests.engine.test_engine_determinism" name="test_engine_no_bare_print[cortex/engine/legion_vectors_plan.py]" time="0.001" /><testcase classname="tests.engine.test_engine_determinism" name="test_engine_no_bare_print[cortex/engine/lock.py]" time="0.006" /><testcase classname="tests.engine.test_engine_determinism" name="test_engine_no_bare_print[cortex/engine/logic/__init__.py]" time="0.002" /><testcase classname="tests.genesis.test_models.TestGenesisResult" name="test_created_at_populated" time="0.001" /><testcase classname="tests.genesis.test_templates.TestTemplateRegistry" name="test_default_templates_registered" time="0.001" /><testcase classname="tests.genesis.test_templates.TestTemplateRegistry" name="test_get_existing_template" time="0.000" /><testcase classname="tests.genesis.test_templates.TestTemplateRegistry" name="test_get_missing_template" time="0.001" /><testcase classname="tests.genesis.test_templates.TestTemplateRegistry" name="test_list_templates" time="0.001" /><testcase classname="tests.genesis.test_templates.TestModuleRenderer" name="test_renders_class_with_interfaces" time="0.002" /><testcase classname="tests.genesis.test_templates.TestModuleRenderer" name="test_renders_empty_interfaces" time="0.001" /><testcase classname="tests.genesis.test_templates.TestDataclassRenderer" name="test_renders_dataclass" time="0.001" /><testcase classname="tests.genesis.test_templates.TestMixinRenderer" name="test_renders_mixin" time="0.000" /><testcase classname="tests.genesis.test_templates.TestSkillRenderer" name="test_renders_skill_md" time="0.000" /><testcase classname="tests.genesis.test_templates.TestAgentRenderer" name="test_renders_agent_yaml" time="0.000" /><testcase classname="tests.agents.test_copilot_infrastructure.TestContextWindow" name="test_small_context_fits_without_truncation" time="0.002" /><testcase classname="tests.agents.test_copilot_infrastructure.TestContextWindow" name="test_large_prefix_is_truncated" time="0.001" /><testcase classname="tests.agents.test_copilot_infrastructure.TestContextWindow" name="test_suffix_truncation_keeps_nearest" time="0.000" /><testcase classname="tests.agents.test_copilot_infrastructure.TestContextWindow" name="test_fim_formatting" time="0.001" /><testcase classname="tests.agents.test_copilot_infrastructure.TestContextWindow" name="test_budget_enforcement" time="0.001" /><testcase classname="tests.agents.test_copilot_infrastructure.TestContextWindow" name="test_import_preservation" time="0.003" /><testcase classname="tests.engine.test_engine_determinism" name="test_engine_no_bare_print[cortex/engine/anomaly_hunter.py]" time="0.005" /><testcase classname="tests.engine.test_engine_determinism" name="test_engine_no_bare_print[cortex/engine/storage_guard.py]" time="0.002" /><testcase classname="tests.engine.test_engine_determinism" name="test_engine_no_bare_print[cortex/engine/store_mixin.py]" time="0.009" /><testcase classname="tests.engine.test_engine_determinism" name="test_engine_module_importable[cortex.engine.entropy_daemon]" time="0.003" /><testcase classname="tests.engine.test_engine_determinism" name="test_engine_module_importable[cortex.engine.evaporator]" time="0.004" /><testcase classname="tests.engine.test_engine_determinism" name="test_engine_module_importable[cortex.engine.event_sovereignty]" time="0.001" /><testcase classname="tests.genesis.test_templates.TestCliRenderer" name="test_renders_cli_group" time="0.002" /><testcase classname="tests.extensions.daemon.test_taint_enforcement" name="test_fact_store_core_taint_rejection" time="0.061" /><testcase classname="tests.embeddings.test_api_embedder.TestProviderConfigs" name="test_openai_no_multimodal" time="0.002" /><testcase classname="tests.embeddings.test_api_embedder.TestProviderConfigs" name="test_mrl_dimensions_list" time="0.001" /><testcase classname="tests.embeddings.test_api_embedder.TestAPIEmbedderInit" name="test_unknown_provider_raises" time="0.004" /><testcase classname="tests.embeddings.test_api_embedder.TestAPIEmbedderInit" name="test_missing_api_key_raises" time="1.337" /><testcase classname="tests.auth.test_auth_manager.TestAuthManager" name="test_authenticate_empty_key" time="0.059" /><testcase classname="tests.engine.test_engine_determinism" name="test_engine_module_importable[cortex.engine.evolution_engine]" time="0.001" /><testcase classname="tests.engine.test_engine_determinism" name="test_engine_module_importable[cortex.engine.evolution_metrics]" time="0.000" /><testcase classname="tests.engine.test_engine_determinism" name="test_engine_no_bare_print[cortex/engine/logic/atms.py]" time="0.002" /><testcase classname="tests.engine.test_engine_determinism" name="test_engine_no_bare_print[cortex/engine/apotheosis.py]" time="0.009" /><testcase classname="tests.genesis.test_templates.TestProtocolRenderer" name="test_renders_protocol" time="0.001" /><testcase classname="tests.agents.test_copilot_infrastructure.TestContextWindow" name="test_prefix_ratio" time="0.002" /><testcase classname="tests.engine.test_engine_determinism" name="test_engine_module_importable[cortex.engine.evolution_types]" time="0.000" /><testcase classname="tests.engine.test_engine_determinism" name="test_engine_no_bare_print[cortex/engine/manifestation.py]" time="0.003" /><testcase classname="tests.engine.test_engine_determinism" name="test_engine_no_bare_print[cortex/engine/membrane/__init__.py]" time="0.001" /><testcase classname="tests.engine.test_engine_determinism" name="test_engine_no_bare_print[cortex/engine/membrane/models.py]" time="0.002" /><testcase classname="tests.engine.test_engine_determinism" name="test_engine_no_bare_print[cortex/engine/membrane/sanitizer.py]" time="0.003" /><testcase classname="tests.genesis.test_templates.TestFastAPIRouteRenderer" name="test_renders_routes" time="0.002" /><testcase classname="tests.genesis.test_templates.TestMigrationRenderer" name="test_renders_migration" time="0.001" /><testcase classname="tests.agents.test_copilot_infrastructure.TestStringDetection" name="test_not_in_string" time="0.002" /><testcase classname="tests.agents.test_copilot_infrastructure.TestStringDetection" name="test_in_single_quote_string" time="0.001" /><testcase classname="tests.agents.test_copilot_infrastructure.TestStringDetection" name="test_in_double_quote_string" time="0.000" /><testcase classname="tests.agents.test_copilot_infrastructure.TestStringDetection" name="test_after_string" time="0.000" /><testcase classname="tests.engine.test_engine_determinism" name="test_engine_no_bare_print[cortex/engine/membrane/sri_hash.py]" time="0.003" /><testcase classname="tests.engine.test_engine_determinism" name="test_engine_no_bare_print[cortex/engine/store_mutation.py]" time="0.005" /><testcase classname="tests.guards.gates.test_audit" name="test_gate_11_audit_happy" time="0.754" /><testcase classname="tests.engine.test_engine_determinism" name="test_engine_module_importable[cortex.engine.exergy_agent]" time="0.001" /><testcase classname="tests.engine.test_engine_determinism" name="test_engine_module_importable[cortex.engine.exergy_daemon]" time="0.003" /><testcase classname="tests.engine.test_engine_determinism" name="test_engine_module_importable[cortex.engine.exergy_optimizer]" time="0.002" /><testcase classname="tests.engine.test_engine_determinism" name="test_engine_no_bare_print[cortex/engine/store_quarantine_mixin.py]" time="0.006" /><testcase classname="tests.engine.test_engine_determinism" name="test_engine_no_bare_print[cortex/engine/apotheosis_audits_mixin.py]" time="0.004" /><testcase classname="tests.engine.test_engine_determinism" name="test_engine_no_bare_print[cortex/engine/auth.py]" time="0.004" /><testcase classname="tests.engine.test_engine_determinism" name="test_engine_module_importable[cortex.engine.fact_store_core]" time="0.002" /><testcase classname="tests.engine.test_engine_determinism" name="test_engine_module_importable[cortex.engine.feedback.ley2_loop]" time="0.002" /><testcase classname="tests.agents.test_agent_runtime.TestSqliteMessageBus" name="test_receive_empty" time="0.134" /><testcase classname="tests.agents.test_copilot_infrastructure.TestDebounceController" name="test_single_request_fires" time="0.107" /><testcase classname="tests.engine.test_engine_determinism" name="test_engine_no_bare_print[cortex/engine/store_validation.py]" time="0.008" /><testcase classname="tests.engine.test_engine_determinism" name="test_engine_no_bare_print[cortex/engine/auth_gateway.py]" time="0.004" /><testcase classname="tests.engine.test_engine_determinism" name="test_engine_no_bare_print[cortex/engine/memory_mixin.py]" time="0.003" /><testcase classname="tests.engine.test_engine_determinism" name="test_engine_no_bare_print[cortex/engine/metabolism.py]" time="0.002" /><testcase classname="tests.engine.test_engine_determinism" name="test_engine_no_bare_print[cortex/engine/metacognition.py]" time="0.004" /><testcase classname="tests.engine.test_engine_determinism" name="test_engine_module_importable[cortex.engine.forensic_commander]" time="0.001" /><testcase classname="tests.engine.test_engine_determinism" name="test_engine_module_importable[cortex.engine.forensic_strike_config]" time="0.002" /><testcase classname="tests.engine.test_engine_determinism" name="test_engine_module_importable[cortex.engine.forgetting_models]" time="0.001" /><testcase classname="tests.engine.test_engine_determinism" name="test_engine_module_importable[cortex.engine.forgetting_oracle]" time="0.010" /><testcase classname="tests.engine.test_engine_determinism" name="test_engine_no_bare_print[cortex/engine/autocurative_agent.py]" time="0.006" /><testcase classname="tests.engine.test_engine_determinism" name="test_engine_no_bare_print[cortex/engine/metadata_engine.py]" time="0.003" /><testcase classname="tests.engine.test_engine_determinism" name="test_engine_no_bare_print[cortex/engine/store_validators.py]" time="0.002" /><testcase classname="tests.engine.test_engine_determinism" name="test_engine_no_bare_print[cortex/engine/supervisor/__init__.py]" time="0.001" /><testcase classname="tests.engine.test_engine_determinism" name="test_engine_no_bare_print[cortex/engine/supervisor/core.py]" time="0.005" /><testcase classname="tests.engine.test_engine_determinism" name="test_engine_no_bare_print[cortex/engine/mixins/base.py]" time="0.003" /><testcase classname="tests.engine.test_engine_determinism" name="test_engine_no_bare_print[cortex/engine/mixins/components.py]" time="0.006" /><testcase classname="tests.engine.test_engine_determinism" name="test_engine_module_importable[cortex.engine.right_brain]" time="0.005" /><testcase classname="tests.engine.test_engine_determinism" name="test_engine_no_bare_print[cortex/engine/autopoiesis.py]" time="0.006" /><testcase classname="tests.engine.test_engine_determinism" name="test_engine_module_importable[cortex.engine.genesis]" time="0.012" /><testcase classname="tests.engine.test_engine_determinism" name="test_engine_no_bare_print[cortex/engine/supervisor/daemon.py]" time="0.003" /><testcase classname="tests.engine.test_engine_determinism" name="test_engine_no_bare_print[cortex/engine/mixins/deterministic_induction_mixin.py]" time="0.003" /><testcase classname="tests.engine.test_engine_determinism" name="test_engine_no_bare_print[cortex/engine/autopoietic_agent.py]" time="0.004" /><testcase classname="tests.engine.test_engine_determinism" name="test_engine_module_importable[cortex.engine.rim_latent_blocks]" time="0.002" /><testcase classname="tests.engine.test_engine_determinism" name="test_engine_no_bare_print[cortex/engine/supervisor/types.py]" time="0.001" /><testcase classname="tests.engine.test_engine_determinism" name="test_engine_module_importable[cortex.engine.rollback_engine]" time="0.002" /><testcase classname="tests.engine.test_engine_determinism" name="test_engine_no_bare_print[cortex/engine/swarm_10k.py]" time="0.005" /><testcase classname="tests.auth.test_auth_manager.TestAuthManager" name="test_authenticate_wrong_key" time="0.058" /><testcase classname="tests.engine.test_engine_determinism" name="test_engine_no_bare_print[cortex/engine/mixins/optimization.py]" time="0.007" /><testcase classname="tests.engine.test_engine_determinism" name="test_engine_module_importable[cortex.engine.runtime_kernel]" time="0.001" /><testcase classname="tests.engine.test_engine_determinism" name="test_engine_no_bare_print[cortex/engine/bifurcation_engine.py]" time="0.003" /><testcase classname="tests.engine.test_engine_determinism" name="test_engine_module_importable[cortex.engine.saga_protocol]" time="0.003" /><testcase classname="tests.engine.test_engine_determinism" name="test_engine_module_importable[cortex.engine.genome]" time="0.001" /><testcase classname="tests.engine.test_engine_determinism" name="test_engine_module_importable[cortex.engine.ghost_mixin]" time="0.000" /><testcase classname="tests.engine.test_engine_determinism" name="test_engine_no_bare_print[cortex/engine/sync_mixin.py]" time="0.002" /><testcase classname="tests.engine.test_engine_determinism" name="test_engine_no_bare_print[cortex/engine/bridge_guard.py]" time="0.002" /><testcase classname="tests.engine.test_engine_determinism" name="test_engine_module_importable[cortex.engine.growth]" time="0.001" /><testcase classname="tests.engine.test_engine_determinism" name="test_engine_module_importable[cortex.engine.guard_adapters]" time="0.001" /><testcase classname="tests.engine.test_engine_determinism" name="test_engine_no_bare_print[cortex/engine/capabilities.py]" time="0.004" /><testcase classname="tests.engine.test_engine_determinism" name="test_engine_module_importable[cortex.engine.guard_integration_patch]" time="0.002" /><testcase classname="tests.engine.test_engine_determinism" name="test_engine_module_importable[cortex.engine.search_mixin]" time="0.001" /><testcase classname="tests.engine.test_engine_determinism" name="test_engine_no_bare_print[cortex/engine/synthesis.py]" time="0.007" /><testcase classname="tests.engine.test_engine_determinism" name="test_engine_no_bare_print[cortex/engine/models.py]" time="0.005" /><testcase classname="tests.engine.test_engine_determinism" name="test_engine_module_importable[cortex.engine.self_optimizer.__init__]" time="0.002" /><testcase classname="tests.engine.test_engine_determinism" name="test_engine_module_importable[cortex.engine.guard_pipeline]" time="0.001" /><testcase classname="tests.extensions.daemon.test_taint_enforcement" name="test_store_mixin_taint_rejection_precedes_transaction" time="0.285" /><testcase classname="tests.engine.test_engine_determinism" name="test_engine_module_importable[cortex.engine.healing_stack]" time="0.000" /><testcase classname="tests.engine.test_engine_determinism" name="test_engine_module_importable[cortex.engine.heartbeat]" time="0.006" /><testcase classname="tests.engine.test_engine_determinism" name="test_engine_no_bare_print[cortex/engine/causal/advisory.py]" time="0.004" /><testcase classname="tests.engine.test_engine_determinism" name="test_engine_module_importable[cortex.engine.self_optimizer.core]" time="0.002" /><testcase classname="tests.engine.test_engine_determinism" name="test_engine_no_bare_print[cortex/engine/mutation_engine.py]" time="0.005" /><testcase classname="tests.engine.test_engine_determinism" name="test_engine_no_bare_print[cortex/engine/test_autopoietic_agent.py]" time="0.011" /><testcase classname="tests.engine.test_engine_determinism" name="test_engine_module_importable[cortex.engine.self_optimizer.tuners]" time="0.001" /><testcase classname="tests.engine.test_engine_determinism" name="test_engine_no_bare_print[cortex/engine/causal/anomaly_bridge.py]" time="0.002" /><testcase classname="tests.engine.test_engine_determinism" name="test_engine_module_importable[cortex.engine.self_optimizer.types]" time="0.001" /><testcase classname="tests.engine.test_engine_determinism" name="test_engine_module_importable[cortex.engine.semantic_hash]" time="0.001" /><testcase classname="tests.engine.test_engine_determinism" name="test_engine_no_bare_print[cortex/engine/causal/taint_engine.py]" time="0.003" /><testcase classname="tests.engine.test_engine_determinism" name="test_engine_module_importable[cortex.engine.history]" time="0.001" /><testcase classname="tests.engine.test_engine_determinism" name="test_engine_module_importable[cortex.engine.shared_bus]" time="0.000" /><testcase classname="tests.engine.test_engine_determinism" name="test_engine_module_importable[cortex.engine.inference]" time="0.002" /><testcase classname="tests.engine.test_engine_determinism" name="test_engine_module_importable[cortex.engine.slashing]" time="0.001" /><testcase classname="tests.engine.test_engine_determinism" name="test_engine_no_bare_print[cortex/engine/nemesis.py]" time="0.004" /><testcase classname="tests.engine.test_engine_determinism" name="test_engine_module_importable[cortex.engine.keter]" time="0.001" /><testcase classname="tests.engine.test_engine_determinism" name="test_engine_no_bare_print[cortex/engine/causal/verification_oracle.py]" time="0.003" /><testcase classname="tests.engine.test_engine_determinism" name="test_engine_no_bare_print[cortex/engine/tips.py]" time="0.004" /><testcase classname="tests.engine.test_engine_determinism" name="test_engine_module_importable[cortex.engine.smte.__init__]" time="0.002" /><testcase classname="tests.engine.test_engine_determinism" name="test_engine_no_bare_print[cortex/engine/nemesis_agent.py]" time="0.003" /><testcase classname="tests.engine.test_engine_determinism" name="test_engine_no_bare_print[cortex/engine/causal_scheduler.py]" time="0.002" /><testcase classname="tests.engine.test_engine_determinism" name="test_engine_module_importable[cortex.engine.smte.analyzer]" time="0.001" /><testcase classname="tests.engine.test_engine_determinism" name="test_engine_module_importable[cortex.engine.legion]" time="0.002" /><testcase classname="tests.engine.test_engine_determinism" name="test_engine_module_importable[cortex.engine.smte.exergy]" time="0.000" /><testcase classname="tests.engine.test_engine_determinism" name="test_engine_module_importable[cortex.engine.smte.llm_mutator]" time="0.001" /><testcase classname="tests.engine.test_engine_determinism" name="test_engine_no_bare_print[cortex/engine/omega_daemon.py]" time="0.003" /><testcase classname="tests.engine.test_engine_determinism" name="test_engine_no_bare_print[cortex/engine/causality.py]" time="0.010" /><testcase classname="tests.engine.test_engine_determinism" name="test_engine_module_importable[cortex.engine.legion_vectors]" time="0.002" /><testcase classname="tests.engine.test_engine_determinism" name="test_engine_no_bare_print[cortex/engine/transaction_mixin.py]" time="0.002" /><testcase classname="tests.engine.test_engine_determinism" name="test_engine_module_importable[cortex.engine.smte.ouroboros_compiler]" time="0.002" /><testcase classname="tests.engine.test_engine_determinism" name="test_engine_no_bare_print[cortex/engine/oracle/__init__.py]" time="0.001" /><testcase classname="tests.engine.test_engine_determinism" name="test_engine_module_importable[cortex.engine.legion_vectors_plan]" time="0.003" /><testcase classname="tests.engine.test_engine_determinism" name="test_engine_module_importable[cortex.engine.smte.ouroboros_injector]" time="0.002" /><testcase classname="tests.engine.test_engine_determinism" name="test_engine_no_bare_print[cortex/engine/trust_registry.py]" time="0.004" /><testcase classname="tests.engine.test_engine_determinism" name="test_engine_no_bare_print[cortex/engine/oracle/analyzer_mixin.py]" time="0.003" /><testcase classname="tests.engine.test_engine_determinism" name="test_engine_module_importable[cortex.engine.smte.parser]" time="0.001" /><testcase classname="tests.auth.test_auth_manager.TestAuthManager" name="test_authenticate_returns_permissions" time="0.040" /><testcase classname="tests.engine.test_engine_determinism" name="test_engine_module_importable[cortex.engine.smte.trigger_mutation]" time="0.001" /><testcase classname="tests.engine.test_engine_determinism" name="test_engine_module_importable[cortex.engine.lock]" time="0.001" /><testcase classname="tests.engine.test_engine_determinism" name="test_engine_no_bare_print[cortex/engine/tuning_store.py]" time="0.002" /><testcase classname="tests.engine.test_engine_determinism" name="test_engine_module_importable[cortex.engine.logic.__init__]" time="0.001" /><testcase classname="tests.engine.test_engine_determinism" name="test_engine_module_importable[cortex.engine.smte.utm]" time="0.001" /><testcase classname="tests.engine.test_engine_determinism" name="test_engine_no_bare_print[cortex/engine/oracle/core.py]" time="0.001" /><testcase classname="tests.engine.test_engine_determinism" name="test_engine_no_bare_print[cortex/engine/oracle/evidence_mixin.py]" time="0.002" /><testcase classname="tests.engine.test_engine_determinism" name="test_engine_module_importable[cortex.engine.logic.atms]" time="0.001" /><testcase classname="tests.engine.test_engine_determinism" name="test_engine_no_bare_print[cortex/engine/causality_models.py]" time="0.003" /><testcase classname="tests.engine.test_engine_determinism" name="test_engine_module_importable[cortex.engine.smte.weismann_barrier]" time="0.001" /><testcase classname="tests.engine.test_engine_determinism" name="test_engine_no_bare_print[cortex/engine/ultrathink_physics.py]" time="0.003" /><testcase classname="tests.engine.test_engine_determinism" name="test_engine_module_importable[cortex.engine.manifestation]" time="0.001" /><testcase classname="tests.engine.test_engine_determinism" name="test_engine_no_bare_print[cortex/engine/oracle/policy_mixin.py]" time="0.002" /><testcase classname="tests.engine.test_engine_determinism" name="test_engine_module_importable[cortex.engine.membrane.__init__]" time="0.001" /><testcase classname="tests.engine.test_engine_determinism" name="test_engine_module_importable[cortex.engine.snapshots]" time="0.001" /><testcase classname="tests.engine.test_engine_determinism" name="test_engine_no_bare_print[cortex/engine/pathogen.py]" time="0.005" /><testcase classname="tests.engine.test_engine_determinism" name="test_engine_module_importable[cortex.engine.sovereign_arbiter]" time="0.001" /><testcase classname="tests.engine.test_engine_determinism" name="test_engine_module_importable[cortex.engine.membrane.models]" time="0.004" /><testcase classname="tests.engine.test_engine_determinism" name="test_engine_no_bare_print[cortex/engine/chronos_roi.py]" time="0.006" /><testcase classname="tests.engine.test_engine_determinism" name="test_engine_no_bare_print[cortex/engine/video_mla_cache.py]" time="0.003" /><testcase classname="tests.engine.test_engine_determinism" name="test_engine_module_importable[cortex.engine.squadrons]" time="0.021" /><testcase classname="tests.engine.test_engine_determinism" name="test_engine_no_bare_print[cortex/engine/vision_reasoner.py]" time="0.002" /><testcase classname="tests.engine.test_engine_determinism" name="test_engine_module_importable[cortex.engine.membrane.sanitizer]" time="0.006" /><testcase classname="tests.engine.test_engine_determinism" name="test_engine_no_bare_print[cortex/engine/performance_tracker.py]" time="0.006" /><testcase classname="tests.engine.test_engine_determinism" name="test_engine_no_bare_print[cortex/engine/circuit_breaker.py]" time="0.002" /><testcase classname="tests.engine.test_engine_determinism" name="test_engine_no_bare_print[cortex/engine/watcher.py]" time="0.004" /><testcase classname="tests.engine.test_engine_determinism" name="test_engine_no_bare_print[cortex/engine/cognitive.py]" time="0.004" /><testcase classname="tests.engine.test_engine_determinism" name="test_engine_module_importable[cortex.engine.membrane.sri_hash]" time="0.001" /><testcase classname="tests.engine.test_engine_determinism" name="test_engine_no_bare_print[cortex/engine/zero_prompting.py]" time="0.003" /><testcase classname="tests.engine.test_engine_determinism" name="test_engine_no_bare_print[cortex/engine/persist_executor.py]" time="0.002" /><testcase classname="tests.engine.test_engine_determinism" name="test_engine_module_importable[cortex.engine.memory_mixin]" time="0.001" /><testcase classname="tests.engine.test_engine_determinism" name="test_engine_no_bare_print[cortex/engine/compound_yield.py]" time="0.003" /><testcase classname="tests.engine.test_engine_determinism" name="test_engine_no_bare_print[cortex/engine/phoenix_omega.py]" time="0.008" /><testcase classname="tests.engine.test_engine_determinism" name="test_engine_logging_not_suppressed" time="0.142" /><testcase classname="tests.engine.test_engine_determinism" name="test_engine_module_importable[cortex.engine.metabolism]" time="0.003" /><testcase classname="tests.engine.test_engine_determinism" name="test_engine_no_bare_print[cortex/engine/conscious_recurrence.py]" time="0.005" /><testcase classname="tests.engine.test_engine_determinism" name="test_engine_module_importable[cortex.engine.metacognition]" time="0.001" /><testcase classname="tests.engine.test_engine_determinism" name="test_engine_module_importable[cortex.engine.metadata_engine]" time="0.001" /><testcase classname="tests.engine.test_engine_determinism" name="test_engine_module_importable[cortex.engine.mixins.base]" time="0.000" /><testcase classname="tests.engine.test_engine_determinism" name="test_engine_no_bare_print[cortex/engine/consensus.py]" time="0.003" /><testcase classname="tests.engine.test_engine_determinism" name="test_engine_module_importable[cortex.engine.mixins.components]" time="0.001" /><testcase classname="tests.agents.test_copilot_infrastructure.TestDebounceController" name="test_rapid_requests_coalesce" time="0.204" /><testcase classname="tests.engine.test_engine_determinism" name="test_engine_no_bare_print[cortex/engine/physics.py]" time="0.002" /><testcase classname="tests.engine.test_engine_determinism" name="test_engine_module_importable[cortex.engine.mixins.deterministic_induction_mixin]" time="0.002" /><testcase classname="tests.engine.test_engine_determinism" name="test_engine_no_bare_print[cortex/engine/predictive_healer.py]" time="0.011" /><testcase classname="tests.engine.test_engine_determinism" name="test_engine_module_importable[cortex.engine.storage_guard]" time="0.006" /><testcase classname="tests.engine.test_engine_determinism" name="test_engine_no_bare_print[cortex/engine/context_cache.py]" time="0.005" /><testcase classname="tests.auth.test_auth_manager.TestAuthManager" name="test_authenticate_returns_role" time="0.029" /><testcase classname="tests.engine.test_engine_determinism" name="test_engine_module_importable[cortex.engine.mixins.optimization]" time="0.001" /><testcase classname="tests.engine.test_engine_determinism" name="test_engine_module_importable[cortex.engine.models]" time="0.000" /><testcase classname="tests.engine.test_engine_determinism" name="test_engine_module_importable[cortex.engine.mutation_engine]" time="0.000" /><testcase classname="tests.engine.test_engine_determinism" name="test_engine_module_importable[cortex.engine.nemesis]" time="0.000" /><testcase classname="tests.engine.test_engine_determinism" name="test_engine_module_importable[cortex.engine.store_mixin]" time="0.002" /><testcase classname="tests.engine.test_engine_determinism" name="test_engine_no_bare_print[cortex/engine/credibility_stack.py]" time="0.002" /><testcase classname="tests.engine.test_engine_determinism" name="test_engine_module_importable[cortex.engine.nemesis_agent]" time="0.001" /><testcase classname="tests.engine.test_engine_determinism" name="test_engine_module_importable[cortex.engine.store_mutation]" time="0.002" /><testcase classname="tests.engine.test_engine_determinism" name="test_engine_module_importable[cortex.engine.omega_daemon]" time="0.000" /><testcase classname="tests.engine.test_engine_determinism" name="test_engine_module_importable[cortex.engine.oracle.__init__]" time="0.001" /><testcase classname="tests.engine.test_engine_determinism" name="test_engine_no_bare_print[cortex/engine/crystallizer.py]" time="0.002" /><testcase classname="tests.engine.test_engine_determinism" name="test_engine_module_importable[cortex.engine.oracle.analyzer_mixin]" time="0.001" /><testcase classname="tests.engine.test_engine_determinism" name="test_engine_no_bare_print[cortex/engine/data_surgery.py]" time="0.002" /><testcase classname="tests.engine.test_engine_determinism" name="test_engine_module_importable[cortex.engine.oracle.core]" time="0.001" /><testcase classname="tests.engine.test_engine_determinism" name="test_engine_no_bare_print[cortex/engine/privacy_mixin.py]" time="0.003" /><testcase classname="tests.engine.test_engine_determinism" name="test_engine_module_importable[cortex.engine.oracle.evidence_mixin]" time="0.001" /><testcase classname="tests.engine.test_engine_determinism" name="test_engine_no_bare_print[cortex/engine/decalcifier.py]" time="0.002" /><testcase classname="tests.engine.test_engine_determinism" name="test_engine_module_importable[cortex.engine.store_quarantine_mixin]" time="0.006" /><testcase classname="tests.engine.test_engine_determinism" name="test_engine_module_importable[cortex.engine.oracle.policy_mixin]" time="0.000" /><testcase classname="tests.engine.test_engine_determinism" name="test_engine_no_bare_print[cortex/engine/durability.py]" time="0.003" /><testcase classname="tests.engine.test_engine_determinism" name="test_engine_module_importable[cortex.engine.pathogen]" time="0.006" /><testcase classname="tests.engine.test_engine_determinism" name="test_engine_no_bare_print[cortex/engine/psychology.py]" time="0.003" /><testcase classname="tests.engine.test_engine_determinism" name="test_engine_no_bare_print[cortex/engine/embedding_engine.py]" time="0.003" /><testcase classname="tests.engine.test_engine_determinism" name="test_engine_no_bare_print[cortex/engine/query_mixin.py]" time="0.006" /><testcase classname="tests.engine.test_engine_determinism" name="test_engine_module_importable[cortex.engine.performance_tracker]" time="0.001" /><testcase classname="tests.engine.test_engine_determinism" name="test_engine_no_bare_print[cortex/engine/encb_router.py]" time="0.004" /><testcase classname="tests.engine.test_engine_determinism" name="test_engine_module_importable[cortex.engine.persist_executor]" time="0.001" /><testcase classname="tests.engine.test_engine_determinism" name="test_engine_module_importable[cortex.engine.phoenix_omega]" time="0.003" /><testcase classname="tests.auth.test_auth_manager.TestAuthManager" name="test_list_keys_all" time="0.026" /><testcase classname="tests.engine.test_engine_determinism" name="test_engine_no_bare_print[cortex/engine/reaper.py]" time="0.003" /><testcase classname="tests.engine.test_engine_determinism" name="test_engine_no_bare_print[cortex/engine/endocrine.py]" time="0.002" /><testcase classname="tests.engine.test_engine_determinism" name="test_engine_module_importable[cortex.engine.physics]" time="0.004" /><testcase classname="tests.agents.test_agent_runtime.TestSqliteMessageBus" name="test_messages_consumed_once" time="0.127" /><testcase classname="tests.engine.test_engine_determinism" name="test_engine_no_bare_print[cortex/engine/reflex.py]" time="0.002" /><testcase classname="tests.engine.test_engine_determinism" name="test_engine_no_bare_print[cortex/engine/enrichment_queue.py]" time="0.003" /><testcase classname="tests.engine.test_engine_determinism" name="test_engine_module_importable[cortex.engine.predictive_healer]" time="0.002" /><testcase classname="tests.engine.test_engine_determinism" name="test_engine_no_bare_print[cortex/engine/reflexion.py]" time="0.009" /><testcase classname="tests.engine.test_engine_determinism" name="test_engine_no_bare_print[cortex/engine/enrichment_worker.py]" time="0.002" /><testcase classname="tests.health.test_health.TestGradeEnum" name="test_threshold_property" time="0.001" /><testcase classname="tests.health.test_health.TestMetricSnapshot" name="test_frozen" time="0.001" /><testcase classname="tests.health.test_health.TestMetricSnapshot" name="test_value_clamped_high" time="0.000" /><testcase classname="tests.health.test_health.TestMetricSnapshot" name="test_value_clamped_low" time="0.001" /><testcase classname="tests.engine.test_engine_determinism" name="test_engine_no_bare_print[cortex/engine/entropy.py]" time="0.004" /><testcase classname="tests.health.test_health.TestMetricSnapshot" name="test_empty_name_raises" time="0.000" /><testcase classname="tests.engine.test_engine_determinism" name="test_engine_no_bare_print[cortex/engine/entropy_daemon.py]" time="0.001" /><testcase classname="tests.engine.test_engine_determinism" name="test_engine_no_bare_print[cortex/engine/rem_cycle.py]" time="0.001" /><testcase classname="tests.engine.test_engine_determinism" name="test_engine_module_importable[cortex.engine.store_validation]" time="0.030" /><testcase classname="tests.engine.test_engine_determinism" name="test_engine_no_bare_print[cortex/engine/evaporator.py]" time="0.002" /><testcase classname="tests.engine.test_engine_determinism" name="test_engine_no_bare_print[cortex/engine/repair_strategies.py]" time="0.015" /><testcase classname="tests.engine.test_engine_determinism" name="test_engine_no_bare_print[cortex/engine/event_sovereignty.py]" time="0.004" /><testcase classname="tests.engine.test_engine_determinism" name="test_engine_no_bare_print[cortex/engine/evolution_engine.py]" time="0.010" /><testcase classname="tests.health.test_health.TestMetricSnapshot" name="test_negative_weight_raises" time="0.003" /><testcase classname="tests.engine.test_engine_determinism" name="test_engine_module_importable[cortex.engine.store_validators]" time="0.002" /><testcase classname="tests.health.test_health.TestMetricSnapshot" name="test_remediation_field" time="0.001" /><testcase classname="tests.engine.test_engine_determinism" name="test_engine_module_importable[cortex.engine.supervisor.__init__]" time="0.002" /><testcase classname="tests.health.test_health.TestHealthScore" name="test_grade_must_be_enum" time="0.002" /><testcase classname="tests.engine.test_engine_determinism" name="test_engine_no_bare_print[cortex/engine/evolution_metrics.py]" time="0.006" /><testcase classname="tests.engine.test_engine_determinism" name="test_engine_no_bare_print[cortex/engine/reporter.py]" time="0.005" /><testcase classname="tests.auth.test_auth_manager.TestAuthManager" name="test_list_keys_by_tenant" time="0.157" /><testcase classname="tests.engine.test_engine_determinism" name="test_engine_module_importable[cortex.engine.supervisor.core]" time="0.001" /><testcase classname="tests.engine.test_engine_determinism" name="test_engine_module_importable[cortex.engine.supervisor.daemon]" time="0.001" /><testcase classname="tests.engine.test_engine_determinism" name="test_engine_module_importable[cortex.engine.supervisor.types]" time="0.001" /><testcase classname="tests.engine.test_engine_determinism" name="test_engine_module_importable[cortex.engine.swarm_10k]" time="0.000" /><testcase classname="tests.engine.test_engine_determinism" name="test_engine_module_importable[cortex.engine.sync_mixin]" time="0.000" /><testcase classname="tests.engine.test_engine_determinism" name="test_engine_module_importable[cortex.engine.synthesis]" time="0.001" /><testcase classname="tests.health.test_health.TestHealthScore" name="test_score_clamped" time="0.007" /><testcase classname="tests.health.test_health.TestHealthScore" name="test_healthy_property" time="0.001" /><testcase classname="tests.health.test_health.TestHealthScore" name="test_to_dict_letter_not_enum" time="0.001" /><testcase classname="tests.health.test_health.TestHealthReport" name="test_is_critical_with_warnings" time="0.000" /><testcase classname="tests.health.test_health.TestHealthReport" name="test_is_critical_grade_degraded" time="0.000" /><testcase classname="tests.health.test_health.TestHealthReport" name="test_not_critical" time="0.001" /><testcase classname="tests.engine.test_engine_determinism" name="test_engine_no_bare_print[cortex/engine/evolution_types.py]" time="0.005" /><testcase classname="tests.engine.test_engine_determinism" name="test_engine_no_bare_print[cortex/engine/exergy_agent.py]" time="0.009" /><testcase classname="tests.engine.test_engine_determinism" name="test_engine_no_bare_print[cortex/engine/reporterd.py]" time="0.008" /><testcase classname="tests.engine.test_engine_determinism" name="test_engine_no_bare_print[cortex/engine/right_brain.py]" time="0.004" /><testcase classname="tests.engine.test_engine_determinism" name="test_engine_module_importable[cortex.engine.test_autopoietic_agent]" time="0.020" /><testcase classname="tests.health.test_health.TestHealthReport" name="test_trend_field" time="0.002" /><testcase classname="tests.health.test_health.TestHealthThresholds" name="test_frozen" time="0.002" /><testcase classname="tests.engine.test_engine_determinism" name="test_engine_no_bare_print[cortex/engine/rim_latent_blocks.py]" time="0.006" /><testcase classname="tests.engine.test_engine_determinism" name="test_engine_no_bare_print[cortex/engine/exergy_daemon.py]" time="0.003" /><testcase classname="tests.health.test_health.TestHealthThresholds" name="test_defaults" time="0.005" /><testcase classname="tests.engine.test_engine_determinism" name="test_engine_module_importable[cortex.engine.tips]" time="0.001" /><testcase classname="tests.engine.test_engine_determinism" name="test_engine_no_bare_print[cortex/engine/exergy_optimizer.py]" time="0.004" /><testcase classname="tests.engine.test_engine_determinism" name="test_engine_module_importable[cortex.engine.transaction_mixin]" time="0.001" /><testcase classname="tests.health.test_health.TestHealthThresholds" name="test_custom" time="0.001" /><testcase classname="tests.health.test_health.TestCollectorRegistry" name="test_register_valid" time="0.001" /><testcase classname="tests.engine.test_engine_determinism" name="test_engine_no_bare_print[cortex/engine/rollback_engine.py]" time="0.002" /><testcase classname="tests.engine.test_engine_determinism" name="test_engine_module_importable[cortex.engine.trust_registry]" time="0.004" /><testcase classname="tests.health.test_health.TestCollectorRegistry" name="test_register_invalid_raises" time="0.003" /><testcase classname="tests.engine.test_engine_determinism" name="test_engine_no_bare_print[cortex/engine/fact_store_core.py]" time="0.013" /><testcase classname="tests.engine.test_engine_determinism" name="test_engine_module_importable[cortex.engine.tuning_store]" time="0.001" /><testcase classname="tests.engine.test_engine_determinism" name="test_engine_no_bare_print[cortex/engine/runtime_kernel.py]" time="0.007" /><testcase classname="tests.health.test_health.TestCollectorRegistry" name="test_register_duplicate_raises" time="0.001" /><testcase classname="tests.health.test_health.TestCollectorRegistry" name="test_unregister" time="0.001" /><testcase classname="tests.health.test_health.TestCollectorRegistry" name="test_collect_all" time="0.118" /><testcase classname="tests.engine.test_engine_determinism" name="test_engine_module_importable[cortex.engine.ultrathink_physics]" time="0.001" /><testcase classname="tests.engine.test_engine_determinism" name="test_engine_module_importable[cortex.engine.video_mla_cache]" time="0.002" /><testcase classname="tests.engine.test_engine_determinism" name="test_engine_no_bare_print[cortex/engine/saga_protocol.py]" time="0.003" /><testcase classname="tests.engine.test_engine_determinism" name="test_engine_module_importable[cortex.engine.vision_reasoner]" time="0.001" /><testcase classname="tests.engine.test_engine_determinism" name="test_engine_module_importable[cortex.engine.watcher]" time="0.009" /><testcase classname="tests.engine.test_engine_determinism" name="test_engine_no_bare_print[cortex/engine/feedback/ley2_loop.py]" time="0.004" /><testcase classname="tests.engine.test_engine_determinism" name="test_engine_no_bare_print[cortex/engine/search_mixin.py]" time="0.006" /><testcase classname="tests.engine.test_engine_determinism" name="test_engine_module_importable[cortex.engine.zero_prompting]" time="0.001" /><testcase classname="tests.engine.test_engine_determinism" name="test_engine_no_bare_print[cortex/engine/self_optimizer/__init__.py]" time="0.003" /><testcase classname="tests.engine.test_engine_determinism" name="test_engine_no_bare_print[cortex/engine/forensic_commander.py]" time="0.004" /><testcase classname="tests.engine.test_engine_determinism" name="test_engine_no_bare_print[cortex/engine/__init__.py]" time="0.006" /><testcase classname="tests.engine.test_engine_determinism" name="test_engine_no_bare_print[cortex/engine/self_optimizer/core.py]" time="0.009" /><testcase classname="tests.engine.test_engine_determinism" name="test_engine_no_bare_print[cortex/engine/forensic_strike_config.py]" time="0.004" /><testcase classname="tests.engine.test_engine_determinism" name="test_engine_no_bare_print[cortex/engine/forgetting_models.py]" time="0.004" /><testcase classname="tests.engine.test_engine_determinism" name="test_engine_no_bare_print[cortex/engine/_autocurative_config.py]" time="0.001" /><testcase classname="tests.engine.test_engine_determinism" name="test_engine_no_bare_print[cortex/engine/_autocurative_helper.py]" time="0.011" /><testcase classname="tests.engine.test_engine_determinism" name="test_engine_has_modules" time="0.001" /><testcase classname="tests.engine.test_engine_determinism" name="test_engine_no_bare_print[cortex/engine/self_optimizer/tuners.py]" time="0.007" /><testcase classname="tests.engine.test_engine_determinism" name="test_engine_no_bare_print[cortex/engine/forgetting_oracle.py]" time="0.010" /><testcase classname="tests.engine.test_engine_init" name="test_engine_init_invalid_path" time="0.012" /><testcase classname="tests.engine.test_engine_determinism" name="test_engine_no_bare_print[cortex/engine/_autocurative_state.py]" time="0.005" /><testcase classname="tests.engine.test_engine_determinism" name="test_engine_no_bare_print[cortex/engine/self_optimizer/types.py]" time="0.004" /><testcase classname="tests.engine.test_engine_determinism" name="test_engine_no_bare_print[cortex/engine/genesis.py]" time="0.013" /><testcase classname="tests.engine.test_engine_determinism" name="test_engine_no_bare_print[cortex/engine/semantic_hash.py]" time="0.007" /><testcase classname="tests.engine.test_engine_determinism" name="test_engine_no_bare_print[cortex/engine/_autopoietic_helper.py]" time="0.006" /><testcase classname="tests.engine.test_engine_init" name="test_engine_lifecycle" time="0.129" /><testcase classname="tests.agents.test_agent_runtime.TestSqliteMessageBus" name="test_pending_count" time="0.027" /><testcase classname="tests.engine.test_engine_determinism" name="test_engine_no_bare_print[cortex/engine/_autopoietic_oracle.py]" time="0.005" /><testcase classname="tests.engine.test_engine_determinism" name="test_engine_no_bare_print[cortex/engine/shared_bus.py]" time="0.008" /><testcase classname="tests.engine.test_engine_determinism" name="test_engine_no_bare_print[cortex/engine/genome.py]" time="0.004" /><testcase classname="tests.engine.test_engine_determinism" name="test_engine_no_bare_print[cortex/engine/slashing.py]" time="0.002" /><testcase classname="tests.engine.test_engine_determinism" name="test_engine_no_bare_print[cortex/engine/_autopoietic_state.py]" time="0.003" /><testcase classname="tests.engine.test_engine_determinism" name="test_engine_no_bare_print[cortex/engine/ghost_mixin.py]" time="0.003" /><testcase classname="tests.engine.test_engine_determinism" name="test_engine_no_bare_print[cortex/engine/growth.py]" time="0.006" /><testcase classname="tests.engine.test_engine_determinism" name="test_engine_no_bare_print[cortex/engine/smte/__init__.py]" time="0.004" /><testcase classname="tests.engine.test_engine_determinism" name="test_engine_no_bare_print[cortex/engine/_engine_connection.py]" time="0.006" /><testcase classname="tests.engine.test_engine_determinism" name="test_engine_no_bare_print[cortex/engine/smte/analyzer.py]" time="0.002" /><testcase classname="tests.engine.test_engine_determinism" name="test_engine_no_bare_print[cortex/engine/smte/exergy.py]" time="0.002" /><testcase classname="tests.engine.test_engine_determinism" name="test_engine_no_bare_print[cortex/engine/_engine_delegates.py]" time="0.011" /><testcase classname="tests.engine.test_engine_determinism" name="test_engine_no_bare_print[cortex/engine/smte/llm_mutator.py]" time="0.003" /><testcase classname="tests.engine.test_engine_determinism" name="test_engine_no_bare_print[cortex/engine/guard_adapters.py]" time="0.052" /><testcase classname="tests.engine.test_engine_determinism" name="test_engine_no_bare_print[cortex/engine/smte/ouroboros_compiler.py]" time="0.003" /><testcase classname="tests.agents.test_agent_runtime.TestSqliteMessageBus" name="test_routing_isolation" time="0.011" /><testcase classname="tests.engine.test_engine_determinism" name="test_engine_no_bare_print[cortex/engine/smte/ouroboros_injector.py]" time="0.002" /><testcase classname="tests.engine.test_engine_determinism" name="test_engine_no_bare_print[cortex/engine/smte/parser.py]" time="0.002" /><testcase classname="tests.engine.test_engine_determinism" name="test_engine_no_bare_print[cortex/engine/smte/trigger_mutation.py]" time="0.004" /><testcase classname="tests.security.test_injection_guard.TestIsTrusted" name="test_untrusted_sources[api:external]" time="0.002" /><testcase classname="tests.security.test_injection_guard.TestIsTrusted" name="test_untrusted_sources[human]" time="0.001" /><testcase classname="tests.security.test_injection_guard.TestIsTrusted" name="test_untrusted_sources[agent:unknown]" time="0.000" /><testcase classname="tests.agents.test_agent_runtime.TestWorkingMemory" name="test_isolation" time="0.001" /><testcase classname="tests.engine.test_engine_determinism" name="test_engine_no_bare_print[cortex/engine/smte/utm.py]" time="0.002" /><testcase classname="tests.agents.test_agent_runtime.TestWorkingMemory" name="test_clear" time="0.001" /><testcase classname="tests.agents.test_copilot_infrastructure.TestDebounceController" name="test_cancel_prevents_fire" time="0.153" /><testcase classname="tests.agents.test_agent_runtime.TestToolRegistry" name="test_register_and_get" time="0.002" /><testcase classname="tests.health.test_health.TestHealthGuard" name="test_guard_safety_pass" time="0.006" /><testcase classname="tests.agents.test_agent_runtime.TestToolRegistry" name="test_policy_enforcement" time="0.001" /><testcase classname="tests.agents.test_agent_runtime.TestToolRegistry" name="test_not_found" time="0.001" /><testcase classname="tests.agents.test_agent_runtime.TestToolRegistry" name="test_list_tools" time="0.001" /><testcase classname="tests.health.test_health.TestHealthGuard" name="test_guard_violation" time="0.004" /><testcase classname="tests.agents.test_agent_runtime.TestBaseAgent" name="test_agent_lifecycle" time="0.019" /><testcase classname="tests.health.test_prometheus" name="test_export_prometheus_formats_correctly" time="0.002" /><testcase classname="tests.ledger.test_ledger_core" name="test_merkle_tree_root" time="0.001" /><testcase classname="tests.auth.test_auth_manager.TestAuthManager" name="test_list_keys_returns_apikey_objects" time="0.025" /><testcase classname="tests.ledger.test_ledger_core" name="test_merkle_tree_odd_leaves" time="0.001" /><testcase classname="tests.extensions.daemon.test_taint_enforcement" name="test_store_mixin_guard_runtime_error_fails_closed" time="0.071" /><testcase classname="tests.ledger.test_ledger_core" name="test_merkle_tree_proof" time="0.001" /><testcase classname="tests.health.test_health.TestCollectorRegistry" name="test_default_registry_has_5_collectors" time="0.002" /><testcase classname="tests.ledger.test_ledger_core" name="test_sovereign_ledger_sync_ops" time="0.010" /><testcase classname="tests.health.test_health.TestCollectorRegistry" name="test_registry_truthiness" time="0.002" /><testcase classname="tests.health.test_health.TestCollectorRegistry" name="test_list_collectors" time="0.002" /><testcase classname="tests.security.test_injection_guard.TestIsTrusted" name="test_untrusted_sources[cli:unknown]" time="0.017" /><testcase classname="tests.health.test_health.TestProtocolEnforcement" name="test_builtin_collectors_conform" time="0.001" /><testcase classname="tests.engine.test_engine_determinism" name="test_engine_no_bare_print[cortex/engine/guard_integration_patch.py]" time="0.001" /><testcase classname="tests.agents.test_agent_runtime.TestBaseAgent" name="test_quarantine_on_errors" time="0.517" /><testcase classname="tests.health.test_health.TestHealthCollectorFacade" name="test_backward_compatible" time="0.041" /><testcase classname="tests.ledger.test_ledger_core" name="test_sovereign_ledger_checkpoint" time="0.006" /><testcase classname="tests.engine.test_engine_determinism" name="test_engine_no_bare_print[cortex/engine/guard_pipeline.py]" time="0.002" /><testcase classname="tests.engine.test_engine_determinism" name="test_engine_no_bare_print[cortex/engine/healing_stack.py]" time="0.009" /><testcase classname="tests.security.test_state_machine" name="test_valid_transitions" time="0.004" /><testcase classname="tests.auth.test_auth_manager.TestAuthManager" name="test_revoke_key_succeeds" time="0.023" /><testcase classname="tests.security.test_state_machine" name="test_transition_artifact" time="0.007" /><testcase classname="tests.engine.test_engine_determinism" name="test_engine_no_bare_print[cortex/engine/heartbeat.py]" time="0.002" /><testcase classname="tests.security.test_state_machine" name="test_classify_risk" time="0.001" /><testcase classname="tests.engine.test_engine_determinism" name="test_engine_no_bare_print[cortex/engine/history.py]" time="0.001" /><testcase classname="tests.security.test_state_machine" name="test_next_state_from_profile" time="0.000" /><testcase classname="tests.engine.test_engine_determinism" name="test_engine_no_bare_print[cortex/engine/inference.py]" time="0.006" /><testcase classname="tests.security.test_state_machine" name="test_guard_checks" time="0.002" /><testcase classname="tests.ledger.test_ledger_core" name="test_sovereign_ledger_async_ops" time="0.024" /><testcase classname="tests.security.test_state_machine" name="test_detect_necrosis" time="0.002" /><testcase classname="tests.security.test_state_machine" name="test_sealing" time="0.003" /><testcase classname="tests.storage.test_tiered_cache" name="test_redis_fault_tolerance" time="0.007" /><testcase classname="tests.auth.test_auth_manager.TestAuthManager" name="test_revoke_key_prevents_auth" time="0.033" /><testcase classname="tests.memory.test_vsa" name="test_random_bipolar" time="0.001" /><testcase classname="tests.memory.test_vsa" name="test_bind" time="0.000" /><testcase classname="tests.security.test_url_guard_ssrf" name="test_url_guard_blocks_metadata_ip" time="0.015" /><testcase classname="tests.memory.test_vsa" name="test_bundle" time="0.001" /><testcase classname="tests.test_adk_agents.TestADKModuleImport" name="test_adk_package_import" time="0.003" /><testcase classname="tests.memory.test_vsa" name="test_hamming_distance" time="0.001" /><testcase classname="tests.memory.test_vsa" name="test_cosine_similarity" time="0.000" /><testcase classname="tests.test_adk_agents.TestADKModuleImport" name="test_tools_module_import" time="0.002" /><testcase classname="tests.memory.test_vsa" name="test_text_encoder" time="0.002" /><testcase classname="tests.health.test_health.TestHealthCollectorFacade" name="test_registry_accessible" time="0.001" /><testcase classname="tests.health.test_health.TestHealthScorer" name="test_empty_metrics" time="0.000" /><testcase classname="tests.test_adk_agents.TestADKModuleImport" name="test_all_tools_list" time="0.001" /><testcase classname="tests.health.test_health.TestHealthScorer" name="test_perfect_score" time="0.000" /><testcase classname="tests.health.test_health.TestHealthScorer" name="test_classify_returns_grade_enum" time="0.000" /><testcase classname="tests.engine.test_engine_init" name="test_engine_skill_synthesis" time="0.004" /><testcase classname="tests.health.test_health.TestHealthScorer" name="test_weight_overrides" time="0.001" /><testcase classname="tests.test_adk_agents.TestADKModuleImport" name="test_agents_module_import" time="0.002" /><testcase classname="tests.test_adk_agents.TestADKModuleImport" name="test_runner_module_import" time="0.001" /><testcase classname="tests.engine.test_engine_init" name="test_engine_session_context_manager" time="0.068" /><testcase classname="tests.security.test_url_guard_ssrf" name="test_url_guard_allows_safe_url" time="0.002" /><testcase classname="tests.test_adk_agents.TestADKTools" name="test_adk_store_signature" time="0.001" /><testcase classname="tests.test_adk_agents.TestADKTools" name="test_adk_search_signature" time="0.001" /><testcase classname="tests.health.test_health.TestHealthScorer" name="test_sub_indices_calculation" time="0.006" /><testcase classname="tests.test_adk_agents.TestADKTools" name="test_adk_status_signature" time="0.001" /><testcase classname="tests.security.test_url_guard_ssrf" name="test_url_guard_blocks_encoded_null" time="0.002" /><testcase classname="tests.test_adk_agents.TestADKTools" name="test_adk_ledger_verify_signature" time="0.000" /><testcase classname="tests.extensions.daemon.test_taint_enforcement" name="test_storage_guard_rejects_missing_source" time="0.003" /><testcase classname="tests.test_adk_agents.TestADKTools" name="test_tools_have_docstrings" time="0.001" /><testcase classname="tests.test_adk_agents.TestADKTools" name="test_tools_return_dict" time="0.001" /><testcase classname="tests.test_adk_agents.TestADKTools" name="test_adk_deprecate_signature" time="0.000" /><testcase classname="tests.extensions.daemon.test_taint_enforcement" name="test_event_ledger_l3_taint_rejection" time="0.008" /><testcase classname="tests.test_adk_agents.TestADKAgentCreation" name="test_adk_availability_flag" time="0.005" /><testcase classname="tests.storage.test_qdrant" name="test_qdrant_vector_backend_protocol" time="0.010" /><testcase classname="tests.auth.test_auth_manager.TestAuthManager" name="test_revoke_nonexistent_key" time="0.014" /><testcase classname="tests.health.test_health.TestHealthScorer" name="test_summarize_uses_emoji" time="0.001" /><testcase classname="tests.health.test_health.TestTrendDetector" name="test_initial_stable" time="0.003" /><testcase classname="tests.memory.test_vsa" name="test_kanerva_sdm" time="0.047" /><testcase classname="tests.extensions.daemon.test_taint_enforcement" name="test_hdc_store_l2_taint_rejection" time="0.015" /><testcase classname="tests.health.test_health.TestTrendDetector" name="test_improving" time="0.002" /><testcase classname="tests.storage.test_qdrant" name="test_qdrant_collection_naming" time="0.004" /><testcase classname="tests.health.test_health.TestTrendDetector" name="test_degrading" time="0.002" /><testcase classname="tests.auth.test_auth_manager.TestAuthManager" name="test_key_prefix_stored" time="0.017" /><testcase classname="tests.storage.test_qdrant" name="test_qdrant_connect_and_close" time="0.006" /><testcase classname="tests.health.test_health.TestTrendDetector" name="test_stable_flat" time="0.001" /><testcase classname="tests.health.test_health.TestTrendDetector" name="test_ring_buffer_size" time="0.002" /><testcase classname="tests.health.test_health.TestTrendDetector" name="test_repr" time="0.001" /><testcase classname="tests.extensions.daemon.test_taint_enforcement" name="test_write_trait_taint_rejection" time="0.021" /><testcase classname="tests.storage.test_qdrant" name="test_qdrant_ensure_collection" time="0.005" /><testcase classname="tests.health.test_health.TestInvariants" name="test_default_system_sound" time="0.001" /><testcase classname="tests.health.test_health.TestInvariants" name="test_custom_registry_fails_if_empty" time="0.002" /><testcase classname="tests.storage.test_qdrant" name="test_qdrant_upsert" time="0.004" /><testcase classname="tests.test_adk_agents.TestADKAgentCreation" name="test_create_memory_agent_without_adk" time="0.009" /><testcase classname="tests.auth.test_auth_manager.TestAuthManager" name="test_hash_key_is_sha256" time="0.011" /><testcase classname="tests.storage.test_qdrant" name="test_qdrant_search" time="0.008" /><testcase classname="tests.health.test_health.TestHealthMixin" name="test_health_check_grade_is_string" time="0.056" /><testcase classname="tests.test_adk_agents.TestADKAgentCreation" name="test_create_analyst_agent_without_adk" time="0.001" /><testcase classname="tests.test_adk_agents.TestADKAgentCreation" name="test_create_guardian_agent_without_adk" time="0.001" /><testcase classname="tests.test_adk_agents.TestADKAgentCreation" name="test_create_swarm_without_adk" time="0.000" /><testcase classname="tests.extensions.daemon.test_taint_enforcement" name="test_expired_timestamp_rejection" time="0.006" /><testcase classname="tests.storage.test_qdrant" name="test_qdrant_delete" time="0.004" /><testcase classname="tests.auth.test_auth_manager.TestAuthManager" name="test_multiple_keys_unique_ids" time="0.022" /><testcase classname="tests.storage.test_qdrant" name="test_qdrant_health_check" time="0.004" /><testcase classname="tests.extensions.daemon.test_taint_enforcement" name="test_verification_oracle_invariants" time="0.019" /><testcase classname="tests.agents.test_copilot_infrastructure.TestDebounceController" name="test_cancel_all" time="0.255" /><testcase classname="tests.storage.test_qdrant" name="test_init_vector_backend" time="0.004" /><testcase classname="tests.engine.test_engine_init" name="test_engine_system_state_transitions" time="0.006" /><testcase classname="tests.memory.test_vsa" name="test_kanerva_sdm_decay" time="0.025" /><testcase classname="tests.storage.test_sqlite_adapter" name="test_sqlite_adapter_is_storage_adapter" time="0.008" /><testcase classname="tests.engine.test_engine_init" name="test_engine_aenter_aexit" time="0.052" /><testcase classname="tests.auth.test_auth_manager.TestAuthManager" name="test_close_idempotent" time="0.011" /><testcase classname="tests.extensions.federation.test_gossip" name="test_gossip_node_communication_and_discovery" time="0.136" /><testcase classname="tests.auth.test_auth_manager.TestRBAC" name="test_admin_can_read_facts" time="0.001" /><testcase classname="tests.auth.test_auth_manager.TestRBAC" name="test_admin_can_manage_keys" time="0.001" /><testcase classname="tests.storage.test_sqlite_adapter" name="test_execute_returns_cursor" time="0.008" /><testcase classname="tests.auth.test_auth_manager.TestRBAC" name="test_viewer_can_read" time="0.002" /><testcase classname="tests.test_admin_api_keys" name="test_create_api_key_bootstrap_is_single_use" time="0.081" /><testcase classname="tests.auth.test_auth_manager.TestRBAC" name="test_viewer_cannot_write" time="0.001" /><testcase classname="tests.storage.test_sqlite_adapter" name="test_fetch_all_returns_dicts" time="0.005" /><testcase classname="tests.auth.test_auth_manager.TestRBAC" name="test_viewer_cannot_delete" time="0.001" /><testcase classname="tests.memory.test_vsa" name="test_swarm_memory" time="0.408" /><testcase classname="tests.health.test_health.TestHealthMixin" name="test_health_score_returns_grade_enum" time="0.039" /><testcase classname="tests.auth.test_auth_manager.TestRBAC" name="test_viewer_cannot_manage_keys" time="0.004" /><testcase classname="tests.auth.test_auth_manager.TestRBAC" name="test_agent_can_write" time="0.002" /><testcase classname="tests.storage.test_sqlite_adapter" name="test_fetch_all_returns_empty_for_no_match" time="0.011" /><testcase classname="tests.auth.test_auth_manager.TestRBAC" name="test_agent_can_search" time="0.002" /><testcase classname="tests.auth.test_auth_manager.TestRBAC" name="test_agent_cannot_purge" time="0.003" /><testcase classname="tests.auth.test_auth_manager.TestRBAC" name="test_system_has_all_permissions" time="0.002" /><testcase classname="tests.auth.test_auth_manager.TestRBAC" name="test_unknown_role_denied" time="0.002" /><testcase classname="tests.storage.test_sqlite_adapter" name="test_execute_insert_returns_rowid" time="0.015" /><testcase classname="tests.auth.test_auth_manager.TestRBAC" name="test_authorize_raises_on_denial" time="0.002" /><testcase classname="tests.engine.test_legion" name="test_async_signal_bus" time="0.002" /><testcase classname="tests.auth.test_auth_manager.TestRBAC" name="test_authorize_passes_on_grant" time="0.002" /><testcase classname="tests.engine.test_legion" name="test_swarm_agent_run" time="0.003" /><testcase classname="tests.auth.test_auth_manager.TestRBAC" name="test_role_hierarchy_system_includes_all" time="0.001" /><testcase classname="tests.auth.test_auth_manager.TestRBAC" name="test_role_hierarchy_admin_no_system" time="0.001" /><testcase classname="tests.engine.test_legion" name="test_squadron_deploy" time="0.003" /><testcase classname="tests.storage.test_sqlite_adapter" name="test_execute_insert_sequential_ids" time="0.008" /><testcase classname="tests.engine.test_legion" name="test_blue_team_agent_synthesis" time="0.617" /><testcase classname="tests.auth.test_auth_manager.TestRBAC" name="test_custom_evaluator" time="0.002" /><testcase classname="tests.auth.test_auth_manager.TestRBAC" name="test_permission_enum_values" time="0.001" /><testcase classname="tests.auth.test_auth_manager.TestRBAC" name="test_role_enum_values" time="0.002" /><testcase classname="tests.health.test_health.TestHealthMixin" name="test_health_report_has_trend" time="0.047" /><testcase classname="tests.storage.test_sqlite_adapter" name="test_executemany_empty_list_is_noop" time="0.015" /><testcase classname="tests.auth.test_auth_manager.TestPermissionCache" name="test_get_miss" time="0.002" /><testcase classname="tests.auth.test_auth_manager.TestPermissionCache" name="test_set_and_get" time="0.001" /><testcase classname="tests.auth.test_auth_manager.TestPermissionCache" name="test_tenant_isolation" time="0.001" /><testcase classname="tests.auth.test_auth_manager.TestPermissionCache" name="test_ttl_expiry" time="0.002" /><testcase classname="tests.auth.test_auth_manager.TestPermissionCache" name="test_capacity_eviction" time="0.002" /><testcase classname="tests.test_admin_api_keys" name="test_create_api_key_rejects_invalid_tenant_id" time="0.063" /><testcase classname="tests.auth.test_auth_manager.TestPermissionCache" name="test_overwrite_existing" time="0.002" /><testcase classname="tests.storage.test_sqlite_adapter" name="test_executemany_batch_insert" time="0.021" /><testcase classname="tests.auth.test_auth_manager.TestModels" name="test_apikey_dataclass" time="0.002" /><testcase classname="tests.auth.test_auth_manager.TestModels" name="test_auth_result_success" time="0.001" /><testcase classname="tests.auth.test_auth_manager.TestModels" name="test_auth_result_failure" time="0.001" /><testcase classname="tests.auth.test_auth_manager.TestModels" name="test_auth_result_defaults" time="0.003" /><testcase classname="tests.causality.test_artist_funnel_simulation" name="test_funnel_correlation_range" time="0.004" /><testcase classname="tests.storage.test_sqlite_adapter" name="test_commit_persists_data" time="0.022" /><testcase classname="tests.causality.test_causal_chain_traversal_cte.TestCausalChainTraversal" name="test_recursive_cte_down" time="0.045" /><testcase classname="tests.health.test_health.TestHealthMixin" name="test_collector_cached" time="0.120" /><testcase classname="tests.storage.test_sqlite_adapter" name="test_health_check_alive" time="0.011" /><testcase classname="tests.storage.test_sqlite_adapter" name="test_health_check_closed_conn_returns_false" time="0.005" /><testcase classname="tests.storage.test_sqlite_adapter" name="test_executescript_creates_table" time="0.010" /><testcase classname="tests.test_admin_api_keys" name="test_list_api_keys_is_scoped_to_authenticated_tenant" time="0.166" /><testcase classname="tests.storage.test_tiered_cache" name="test_set_and_get_l1" time="0.002" /><testcase classname="tests.causality.test_causal_chain_traversal_cte.TestCausalChainTraversal" name="test_recursive_cte_up" time="0.082" /><testcase classname="tests.storage.test_tiered_cache" name="test_l1_miss_returns_none" time="0.003" /><testcase classname="tests.storage.test_tiered_cache" name="test_ttl_expiry" time="0.072" /><testcase classname="tests.extensions.signals.test_trigger_engine.TestRegistration" name="test_register_single_condition" time="0.006" /><testcase classname="tests.extensions.signals.test_trigger_engine.TestRegistration" name="test_register_multiple_conditions" time="0.011" /><testcase classname="tests.extensions.signals.test_trigger_engine.TestRegistration" name="test_duplicate_id_overwrites" time="0.001" /><testcase classname="tests.extensions.signals.test_trigger_engine.TestRegistration" name="test_unregister" time="0.002" /><testcase classname="tests.extensions.signals.test_trigger_engine.TestRegistration" name="test_list_triggers" time="0.006" /><testcase classname="tests.extensions.signals.test_trigger_engine.TestEventMatching" name="test_exact_match" time="0.004" /><testcase classname="tests.health.test_health.TestTrendPersistence" name="test_persist_round_trip" time="0.017" /><testcase classname="tests.extensions.signals.test_trigger_engine.TestEventMatching" name="test_wildcard_match" time="0.009" /><testcase classname="tests.agents.test_copilot_infrastructure.TestDebounceController" name="test_stats_tracking" time="0.113" /><testcase classname="tests.extensions.signals.test_trigger_engine.TestEventMatching" name="test_no_match" time="0.003" /><testcase classname="tests.causality.test_phase_1.TestDataModel" name="test_fact_has_parent_decision_id_field" time="0.002" /><testcase classname="tests.health.test_health.TestTrendPersistence" name="test_prune_history" time="0.005" /><testcase classname="tests.causality.test_phase_1.TestDataModel" name="test_to_dict_includes_parent" time="0.001" /><testcase classname="tests.extensions.signals.test_trigger_engine.TestEventMatching" name="test_multi_pattern" time="0.005" /><testcase classname="tests.storage.test_tiered_cache" name="test_lru_eviction" time="0.005" /><testcase classname="tests.causality.test_phase_1.TestDataModel" name="test_fact_columns_includes_parent" time="0.000" /><testcase classname="tests.causality.test_phase_1.TestDataModel" name="test_insert_fact_record_signature" time="0.000" /><testcase classname="tests.health.test_health.TestFixRegistry" name="test_registration_and_matching" time="0.004" /><testcase classname="tests.causality.test_phase_1.TestDataModel" name="test_store_mixin_signature" time="0.002" /><testcase classname="tests.extensions.signals.test_trigger_engine.TestPredicates" name="test_predicate_passes" time="0.003" /><testcase classname="tests.storage.test_tiered_cache" name="test_invalidate_clears_matching_keys" time="0.004" /><testcase classname="tests.causality.test_phase_2.TestTypeReconciliation" name="test_memory_model_type" time="0.001" /><testcase classname="tests.health.test_health.TestFixRegistry" name="test_list_fixable" time="0.001" /><testcase classname="tests.extensions.signals.test_trigger_engine.TestPredicates" name="test_predicate_blocks" time="0.002" /><testcase classname="tests.test_agent_registry" name="test_agent_definition_invalid_tools_entry_type" time="0.003" /><testcase classname="tests.causality.test_phase_3.TestEngineAPI" name="test_get_causal_chain_exists" time="0.002" /><testcase classname="tests.storage.test_tiered_cache" name="test_clear_empties_all" time="0.003" /><testcase classname="tests.extensions.signals.test_trigger_engine.TestPredicates" name="test_default_predicate_allows_all" time="0.002" /><testcase classname="tests.causality.test_phase_3.TestEngineAPI" name="test_get_causal_chain_signature" time="0.001" /><testcase classname="tests.test_agent_registry" name="test_agent_definition_invalid_bool_raises_value_error" time="0.003" /><testcase classname="tests.guards.gates.test_audit" name="test_gate_11_audit_bare_except_rejection" time="0.006" /><testcase classname="tests.causality.test_phase_3.TestEngineAPI" name="test_sync_wrapper_exists" time="0.001" /><testcase classname="tests.causality.test_phase_3_4.TestCLI" name="test_store_has_parent_flag" time="0.000" /><testcase classname="tests.extensions.signals.test_trigger_engine.TestPriority" name="test_p0_fires_immediately" time="0.002" /><testcase classname="tests.causality.test_phase_3_4.TestCLI" name="test_trace_chain_exists" time="0.000" /><testcase classname="tests.test_agent_registry" name="test_agent_definition_bool_values_with_casing_and_numeric_literals" time="0.002" /><testcase classname="tests.storage.test_tiered_cache" name="test_subscribe_receives_events" time="0.002" /><testcase classname="tests.causality.test_phase_5.TestMCP" name="test_cortex_store_has_parent" time="0.001" /><testcase classname="tests.extensions.signals.test_trigger_engine.TestPriority" name="test_p1_fires_on_threshold" time="0.002" /><testcase classname="tests.causality.test_phase_5.TestMCP" name="test_cortex_trace_chain_defined" time="0.001" /><testcase classname="tests.storage.test_tiered_cache" name="test_no_redis_url_stays_l1_only" time="0.002" /><testcase classname="tests.guards.gates.test_audit" name="test_gate_11_audit_print_call_rejection" time="0.005" /><testcase classname="tests.test_agent_registry" name="test_load_all_continues_after_invalid_agent_entry" time="0.006" /><testcase classname="tests.extensions.signals.test_trigger_engine.TestAccumulator" name="test_threshold_not_met" time="0.002" /><testcase classname="tests.storage.test_tiered_cache" name="test_redis_get_returns_none_when_no_redis" time="0.002" /><testcase classname="tests.daemon.test_health_loop.TestHealthLoop" name="test_tick_returns_data" time="0.252" /><testcase classname="tests.guards.gates.test_audit" name="test_gate_11_audit_syntax_error_boundary" time="0.005" /><testcase classname="tests.test_agent_registry" name="test_load_all_skips_broken_symlink" time="0.002" /><testcase classname="tests.storage.test_tiered_cache" name="test_oversized_value_skipped_in_redis" time="0.003" /><testcase classname="tests.extensions.signals.test_trigger_engine.TestAccumulator" name="test_threshold_met" time="0.003" /><testcase classname="tests.test_agent_registry" name="test_invalid_yaml_parsing" time="0.002" /><testcase classname="tests.test_adversarial_smt_guard" name="test_adversarial_kill_mutants_smt_guard" time="0.056" /><testcase classname="tests.storage.test_tiered_cache" name="test_redis_key_is_namespaced" time="0.001" /><testcase classname="tests.extensions.signals.test_trigger_engine.TestAccumulator" name="test_accumulator_resets_after_fire" time="0.002" /><testcase classname="tests.test_agent_registry" name="test_agent_definition_alias_still_points_to_catalog_entry" time="0.000" /><testcase classname="tests.guards.gates.test_audit" name="test_gate_11_audit_whitelist_boundary" time="0.004" /><testcase classname="tests.storage.test_tiered_cache" name="test_redis_keys_differ_across_caches" time="0.001" /><testcase classname="tests.test_agent_registry" name="test_agent_registry_singleton" time="0.003" /><testcase classname="tests.extensions.signals.test_trigger_engine.TestAccumulator" name="test_window_expiry" time="0.217" /><testcase classname="tests.storage.test_tiered_cache" name="test_redis_l2_cache_flow" time="0.002" /><testcase classname="tests.test_agent_registry" name="test_agent_registry_get_is_case_insensitive" time="0.002" /><testcase classname="tests.guards.gates.test_audit" name="test_gate_11_audit_combined_violations" time="0.004" /><testcase classname="tests.storage.test_tiered_cache" name="test_redis_l2_oversized_guard" time="0.003" /><testcase classname="tests.test_agent_registry" name="test_load_all_case_insensitive_duplicates" time="0.002" /><testcase classname="tests.test_agent_registry" name="test_load_all_refreshes_registry_and_clears_stale_agents" time="0.002" /><testcase classname="tests.guards.test_capabilities" name="test_capability_guard_success" time="0.001" /><testcase classname="tests.test_belief_object.TestBeliefVerdict" name="test_frozen" time="0.001" /><testcase classname="tests.guards.test_capabilities" name="test_tier_escalation_violation" time="0.002" /><testcase classname="tests.test_agent_registry" name="test_registry_rejects_duplicate_agent_id" time="0.005" /><testcase classname="tests.test_bft_adversarial" name="test_byzantine_minority_cannot_override" time="0.009" /><testcase classname="tests.guards.test_capabilities" name="test_missing_capability_violation" time="0.002" /><testcase classname="tests.guards.test_capabilities" name="test_dynamic_capability_grant_with_high_ceiling" time="0.002" /><testcase classname="tests.test_algorithmic_scale.TestCoveringIndices" name="test_tenant_valid_index_exis
[...]
tes" time="0.002" /><testcase classname="tests.ui_control.test_mouse.TestMouseDrag" name="test_drag" time="0.066" /><testcase classname="tests.ui_control.test_window.TestListWindows" name="test_list_windows_parses_output" time="0.003" /><testcase classname="tests.ui_control.test_window.TestGetFrontmost" name="test_get_frontmost_success" time="0.004" /><testcase classname="tests.ui_control.test_window.TestGetFrontmost" name="test_get_frontmost_no_window" time="0.005" /><testcase classname="tests.ui_control.test_window.TestWindowOperations" name="test_move_window" time="0.004" /><testcase classname="tests.ui_control.test_window.TestWindowOperations" name="test_resize_window" time="0.004" /><testcase classname="tests.ui_control.test_window.TestWindowOperations" name="test_minimize_window" time="0.003" /><testcase classname="tests.ui_control.test_window.TestWindowOperations" name="test_close_window" time="0.006" /><testcase classname="tests.ui_control.test_window.TestListWindows" name="test_list_windows_empty" time="0.005" /><testcase classname="tests.ui_control.test_mouse.TestMouseDrag" name="test_drag_and_drop" time="0.002" /><testcase classname="tests.verification.test_adversarial_simulation" name="test_hallucination_injection_missing_signature" time="0.135" /><testcase classname="tests.verification.test_adversarial_simulation" name="test_contradictory_consensus_detection" time="0.244" /><testcase classname="tests.verification.test_adversarial_simulation" name="test_memory_poisoning_phrase_repetition" time="0.251" /><testcase classname="tests.test_ttt_daemon.TestLLMProviderLoRARouting" name="test_native_vllm_adapter_loading_simulation" time="0.020" /><testcase classname="tests.verification.test_counterexample" name="test_learn_from_failure" time="0.015" /><testcase classname="tests.ui_control.test_mouse.TestMouseClick" name="test_click_right" time="0.103" /><testcase classname="tests.verification.test_dependency_isolation.TestDependencyIsolation" name="test_engine_init_no_torch" time="0.025" /><testcase classname="tests.verification.test_adversarial_simulation" name="test_hallucination_injection_invalid_signature" time="0.137" /><testcase classname="tests.verification.test_extractor" name="test_extract_constraints_syntax_error" time="0.001" /><testcase classname="tests.verification.test_extractor" name="test_smt_model_extractor_direct" time="0.002" /><testcase classname="tests.verification.test_frontend_oracle" name="test_analyze_file_html" time="0.015" /><testcase classname="tests.verification.test_frontend_oracle" name="test_analyze_file_js" time="0.002" /><testcase classname="tests.verification.test_frontend_oracle" name="test_analyze_file_oserror" time="0.002" /><testcase classname="tests.verification.test_frontend_oracle" name="test_extract_block_fallback" time="0.001" /><testcase classname="tests.verification.test_frontend_oracle" name="test_empty_function_name" time="0.004" /><testcase classname="tests.verification.test_frontend_oracle" name="test_complexity_operators" time="0.003" /><testcase classname="tests.verification.test_frontier_stress" name="test_ledger_concurrency_bombing" time="0.090" /><testcase classname="tests.verification.test_adversarial_simulation" name="test_replay_attack_prevention" time="0.228" /><testcase classname="tests.verification.test_adversarial_simulation" name="test_memory_poisoning_adversarial_keywords" time="0.162" /><testcase classname="tests.verification.test_dependency_isolation.TestDependencyIsolation" name="test_store_no_torch" time="0.329" /><testcase classname="tests.verification.test_adversarial_simulation" name="test_event_sourcing_state_replay" time="0.290" /><testcase classname="tests.verification.test_frontier_stress" name="test_byzantine_taint_tsunami" time="0.038" /><testcase classname="tests.verification.test_extractor" name="test_extract_constraints_for_loop" time="0.002" /><testcase classname="tests.verification.test_invariants" name="test_safety_invariant_defaults" time="0.001" /><testcase classname="tests.verification.test_invariants" name="test_sovereign_invariants" time="0.001" /><testcase classname="tests.verification.test_invariants" name="test_invariant_severity_enum" time="0.002" /><testcase classname="tests.verification.test_oracle" name="test_verify_plan_step" time="0.007" /><testcase classname="tests.verification.test_oracle" name="test_verify_unknown_subject" time="0.004" /><testcase classname="tests.verification.test_oracle" name="test_verify_tool_result" time="0.006" /><testcase classname="tests.verification.test_oracle" name="test_verify_fact_integrity" time="0.005" /><testcase classname="tests.verification.test_oracle" name="test_check_enrichment_status" time="0.015" /><testcase classname="tests.verification.test_oracle" name="test_verify_ledger_continuity" time="0.010" /><testcase classname="tests.verification.test_verifier" name="test_verifier_initialization_no_z3" time="0.002" /><testcase classname="tests.verification.test_verifier" name="test_verifier_initialization_with_z3" time="0.008" /><testcase classname="tests.verification.test_verifier" name="test_verifier_check_unsafe" time="0.007" /><testcase classname="tests.verification.test_extractor" name="test_extract_constraints_eval" time="0.001" /><testcase classname="tests.verification.test_verifier" name="test_verifier_solver_reset" time="0.020" /><testcase classname="tests.verification.test_verifier" name="test_verifier_custom_invariants" time="0.010" /><testcase classname="tests.verification.test_verifier" name="test_verifier_check_safe" time="0.021" /><testcase classname="tests.verification.test_extractor" name="test_extract_constraints_prohibited_methods" time="0.002" /><testcase classname="tests.verification.test_frontier_stress" name="test_contradiction_collisions" time="0.266" /><testcase classname="tests.test_synthesis_cascade.TestDistillSovereignMemo" name="test_general_mode_when_no_intent" time="0.006" /><testcase classname="tests.test_taas" name="test_taas_quote" time="0.072" /><testcase classname="tests.test_taas" name="test_taas_execute_and_verify" time="0.102" /><testcase classname="tests.test_taint_preserves_encryption" name="test_taint_preserves_encrypted_metadata" time="0.072" /><testcase classname="tests.test_taint_preserves_encryption" name="test_taint_isolation_between_tenants" time="0.022" /><testcase classname="tests.test_taint_propagation.TestDowngradeConfidence" name="test_downgrade_c5_by_2" time="0.002" /><testcase classname="tests.test_taint_propagation.TestDowngradeConfidence" name="test_downgrade_c3_by_1" time="0.006" /><testcase classname="tests.test_synthesis_cascade.TestGetSynthesisRouter" name="test_router_raises_when_no_providers" time="0.003" /><testcase classname="tests.test_synthesis_cascade.TestGetSynthesisRouter" name="test_router_is_singleton" time="0.465" /><testcase classname="tests.test_decoupling" name="test_ledger_integrity_during_decoupling" time="0.236" /><testcase classname="tests.test_virgo_guard.TestVirgoSignature" name="test_virgo_agent_missing_signature" time="0.151" /><testcase classname="tests.test_dream_memory" name="test_dream_cycle_basic" time="0.003" /><testcase classname="tests.test_e2e_agent_executor.TestAgentExecutor" name="test_executor_stub_mode" time="0.003" /><testcase classname="tests.test_e2e_agent_executor.TestAgentExecutor" name="test_executor_system_prompt_construction" time="0.001" /><testcase classname="tests.test_e2e_agent_executor.TestAgentExecutor" name="test_executor_working_memory_from_context" time="0.001" /><testcase classname="tests.test_e2e_agent_executor.TestAgentExecutor" name="test_executor_working_memory_no_context" time="0.002" /><testcase classname="tests.test_e2e_agent_executor.TestAgentExecutor" name="test_orchestrator_with_executor_stub" time="0.003" /><testcase classname="tests.test_e2e_async_orchestrator.TestAsyncOrchestrator" name="test_run_async_basic" time="0.004" /><testcase classname="tests.test_e2e_async_orchestrator.TestAsyncOrchestrator" name="test_run_async_timeout" time="0.005" /><testcase classname="tests.test_e2e_context_assembler.TestContextAssembler" name="test_empty_assembly" time="0.002" /><testcase classname="tests.test_e2e_context_assembler.TestContextAssembler" name="test_hint_resolution_missing_ki" time="0.002" /><testcase classname="tests.test_e2e_contract.TestPipelineContracts" name="test_pipeline_request_defaults" time="0.001" /><testcase classname="tests.test_e2e_contract.TestPipelineContracts" name="test_pipeline_result_latency" time="0.000" /><testcase classname="tests.test_e2e_contract.TestPipelineContracts" name="test_pipeline_result_total_tokens" time="0.001" /><testcase classname="tests.test_e2e_contract.TestPipelineContracts" name="test_delivery_target_types" time="0.001" /><testcase classname="tests.test_e2e_contract.TestPipelineContracts" name="test_context_packet_empty" time="0.001" /><testcase classname="tests.test_e2e_contract.TestPipelineContracts" name="test_stage_trace_latency_auto" time="0.001" /><testcase classname="tests.test_e2e_delivery.TestDeliveryManager" name="test_memory_delivery" time="0.002" /><testcase classname="tests.test_e2e_delivery.TestDeliveryManager" name="test_file_delivery" time="0.002" /><testcase classname="tests.test_e2e_delivery.TestDeliveryManager" name="test_markdown_conversion" time="0.001" /><testcase classname="tests.test_e2e_delivery.TestDeliveryManager" name="test_file_delivery_no_path_fails" time="0.001" /><testcase classname="tests.test_e2e_enhanced_async.TestAsyncPipelineEnhanced" name="test_run_async_timeout_no_deadlock" time="0.504" /><testcase classname="tests.test_virgo_guard.TestVirgoSignature" name="test_virgo_agent_invalid_signature" time="0.093" /><testcase classname="tests.test_synthesis_cascade.TestDistillSovereignMemo" name="test_distill_does_not_require_anthropic_key" time="0.004" /><testcase classname="tests.test_e2e_enhanced_async.TestAsyncPipelineEnhanced" name="test_run_async_cancellation_contract" time="0.003" /><testcase classname="tests.test_e2e_enhanced_async.TestAsyncPipelineEnhanced" name="test_run_streaming_yields_traces" time="0.003" /><testcase classname="tests.test_e2e_enhanced_async.TestAsyncPipelineEnhanced" name="test_run_async_six_stages" time="0.003" /><testcase classname="tests.test_e2e_mcp_outbound_skeleton.TestMCPOutbound" name="test_client_initialization" time="0.001" /><testcase classname="tests.test_e2e_mcp_outbound_skeleton.TestMCPOutbound" name="test_client_call_unknown_tool" time="0.001" /><testcase classname="tests.test_e2e_mcp_outbound_skeleton.TestMCPOutbound" name="test_tool_spec_dataclass" time="0.001" /><testcase classname="tests.test_e2e_mcp_outbound_skeleton.TestMCPOutbound" name="test_tool_schema_formatting" time="0.001" /><testcase classname="tests.test_e2e_mcp_pipeline_tools.TestMCPPipelineTools" name="test_result_to_dict_single_agent" time="0.001" /><testcase classname="tests.test_e2e_mcp_pipeline_tools.TestMCPPipelineTools" name="test_result_to_dict_multi_agent" time="0.000" /><testcase classname="tests.test_e2e_mcp_pipeline_tools.TestMCPPipelineTools" name="test_result_to_dict_error" time="0.000" /><testcase classname="tests.test_e2e_orchestrator.TestOrchestrator" name="test_basic_pipeline_success" time="0.001" /><testcase classname="tests.test_e2e_orchestrator.TestOrchestrator" name="test_empty_intent_fails" time="0.001" /><testcase classname="tests.test_e2e_orchestrator.TestOrchestrator" name="test_zero_budget_fails" time="0.001" /><testcase classname="tests.test_e2e_orchestrator.TestOrchestrator" name="test_pipeline_with_context_assembler" time="0.001" /><testcase classname="tests.test_e2e_orchestrator.TestOrchestrator" name="test_pipeline_with_router" time="0.008" /><testcase classname="tests.test_e2e_orchestrator.TestOrchestrator" name="test_pipeline_with_delivery" time="0.001" /><testcase classname="tests.test_e2e_orchestrator.TestOrchestrator" name="test_full_pipeline_all_components" time="0.002" /><testcase classname="tests.test_e2e_provider_factory.TestProviderFactory" name="test_factory_returns_none_when_no_keys" time="0.828" /><testcase classname="tests.test_e2e_provider_factory.TestProviderFactory" name="test_factory_priority_order" time="0.001" /><testcase classname="tests.test_e2e_provider_factory.TestProviderFactory" name="test_executor_uses_factory" time="0.035" /><testcase classname="tests.test_e2e_provider_factory.TestProviderFactory" name="test_executor_accepts_pre_built_provider" time="0.001" /><testcase classname="tests.test_e2e_router.TestAgentRouter" name="test_security_routing" time="0.001" /><testcase classname="tests.test_e2e_router.TestAgentRouter" name="test_code_routing" time="0.001" /><testcase classname="tests.test_e2e_router.TestAgentRouter" name="test_research_routing" time="0.001" /><testcase classname="tests.test_e2e_router.TestAgentRouter" name="test_fallback_to_general" time="0.001" /><testcase classname="tests.test_e2e_router.TestAgentRouter" name="test_register_custom_agent" time="0.002" /><testcase classname="tests.test_e2e_router.TestAgentRouter" name="test_budget_aware_routing" time="0.001" /><testcase classname="tests.test_e2e_vsa-sdm.TestVSAAlgebra" name="test_bind_self_inverse" time="0.001" /><testcase classname="tests.test_e2e_vsa-sdm.TestVSAAlgebra" name="test_bundle_preserves_constituents" time="0.003" /><testcase classname="tests.test_e2e_vsa-sdm.TestVSAAlgebra" name="test_hamming_distance" time="0.001" /><testcase classname="tests.test_e2e_vsa-sdm.TestTextEncoder" name="test_related_texts_higher_similarity" time="0.042" /><testcase classname="tests.test_e2e_vsa-sdm.TestTextEncoder" name="test_empty_text" time="0.002" /><testcase classname="tests.test_e2e_vsa-sdm.TestSwarmMemory" name="test_record_and_recall" time="1.337" /><testcase classname="tests.test_e2e_vsa-sdm.TestSwarmMemory" name="test_consolidation" time="1.147" /><testcase classname="tests.test_phase5" name="test_bash_fail_format" time="0.015" /><testcase classname="tests.test_pipeline.TestAssessQuery" name="test_basic_query_returns_query_result" time="0.014" /><testcase classname="tests.test_pipeline.TestAssessQuery" name="test_empty_candidates_safe_to_respond" time="0.001" /><testcase classname="tests.test_pipeline.TestAssessQuery" name="test_schema_applied_when_matched" time="0.001" /><testcase classname="tests.test_pipeline.TestAssessQuery" name="test_no_schema_returns_none_schema" time="0.001" /><testcase classname="tests.test_pipeline.TestAssessQuery" name="test_augmented_query_is_original_when_no_schema" time="0.001" /><testcase classname="tests.test_pipeline.TestProcessStore" name="test_basic_store_returns_store_result" time="0.001" /><testcase classname="tests.test_pipeline.TestProcessStore" name="test_valence_classification" time="0.001" /><testcase classname="tests.test_pipeline.TestProcessStore" name="test_stdp_recorded_with_fact_id" time="0.002" /><testcase classname="tests.test_pipeline.TestProcessStore" name="test_stdp_recorded_with_related_ids" time="0.001" /><testcase classname="tests.test_pipeline.TestProcessStore" name="test_no_stdp_without_fact_id" time="0.001" /><testcase classname="tests.test_pipeline.TestPipelineProperties" name="test_calibration_score_returns_float" time="0.000" /><testcase classname="tests.test_pipeline.TestPipelineProperties" name="test_repr_contains_class_name" time="0.001" /><testcase classname="tests.test_pipeline.TestPipelineProperties" name="test_metamemory_property" time="0.003" /><testcase classname="tests.test_pipeline_executor.TestConstruction" name="test_default_init" time="0.001" /><testcase classname="tests.test_pipeline_executor.TestConstruction" name="test_custom_provider_name" time="0.000" /><testcase classname="tests.test_pipeline_executor.TestSystemPrompt" name="test_known_agent_id" time="0.000" /><testcase classname="tests.test_pipeline_executor.TestSystemPrompt" name="test_unknown_agent_falls_back_to_general" time="0.000" /><testcase classname="tests.test_pipeline_executor.TestSystemPrompt" name="test_context_injected" time="0.001" /><testcase classname="tests.test_pipeline_executor.TestSystemPrompt" name="test_no_context_no_injection" time="0.001" /><testcase classname="tests.test_pipeline_executor.TestSystemPrompt" name="test_all_profiles_exist" time="0.000" /><testcase classname="tests.test_pipeline_executor.TestWorkingMemory" name="test_intent_always_included" time="0.000" /><testcase classname="tests.test_pipeline_executor.TestWorkingMemory" name="test_facts_included_when_present" time="0.003" /><testcase classname="tests.test_e2e_vsa-sdm.TestSwarmMemory" name="test_persistence" time="0.962" /><testcase classname="tests.test_e2e_vsa-sdm.TestVSAPipelineBridge" name="test_bridge_query" time="1.213" /><testcase classname="tests.test_e2e_vsa-sdm.TestVSAPipelineBridge" name="test_bridge_ingest" time="0.457" /><testcase classname="tests.test_e2e_vsa_adapter.TestVSAAdapter" name="test_adapter_graceful_when_unavailable" time="0.002" /><testcase classname="tests.test_e2e_vsa_adapter.TestVSAAdapter" name="test_adapter_diagnostics_unavailable" time="0.000" /><testcase classname="tests.test_e2e_vsa_adapter.TestVSAAdapter" name="test_assembler_with_vsa_bridge" time="0.000" /><testcase classname="tests.test_encb_v2.test_atms.TestAssumptionLabel" name="test_intersects" time="0.001" /><testcase classname="tests.test_encb_v2.test_atms.TestAssumptionLabel" name="test_not_intersects" time="0.003" /><testcase classname="tests.test_optional_runtime_dependencies" name="test_cli_base_flow_without_keyring_when_env_master_key_is_set" time="8.074" /><testcase classname="tests.test_optional_runtime_dependencies" name="test_mcp_package_import_is_lazy" time="0.036" /><testcase classname="tests.test_optional_runtime_dependencies" name="test_async_sqlite_vec_loader_enables_vec0" time="0.015" /><testcase classname="tests.test_oracle_detects_no_state_change" name="test_oracle_detects_no_state_change" time="0.005" /><testcase classname="tests.test_ouroboros_prune.TestBuildTopologicalBarrier" name="test_barrier_protects_direct_parent_of_c5" time="0.002" /><testcase classname="tests.test_quarantine" name="test_destructive_without_snapshot_prohibited" time="0.001" /><testcase classname="tests.test_quarantine" name="test_quarantine_success_allows_purge" time="0.000" /><testcase classname="tests.test_queue_retries_on_provider_failure" name="test_queue_retries_on_provider_failure" time="0.009" /><testcase classname="tests.test_reasoning_modes_manual" name="test_reasoning_modes" time="0.002" /><testcase classname="tests.test_reconsolidation_comprehensive" name="test_labilization_record_properties" time="0.154" /><testcase classname="tests.test_reconsolidation_comprehensive" name="test_confirmation_bias_detector" time="0.001" /><testcase classname="tests.test_reconsolidation_comprehensive" name="test_tracker_basic_lifecycle" time="0.001" /><testcase classname="tests.test_reconsolidation_comprehensive" name="test_tracker_sweep_expiration" time="0.026" /><testcase classname="tests.test_reconsolidation_comprehensive" name="test_tracker_audit_capping" time="0.005" /><testcase classname="tests.test_reconsolidation_comprehensive" name="test_tracker_concurrent_engrams" time="0.001" /><testcase classname="tests.test_reconsolidation_comprehensive" name="test_tracker_error_recovery" time="0.000" /><testcase classname="tests.test_reconsolidation_comprehensive" name="test_tracker_dream_sweep" time="0.021" /><testcase classname="tests.test_reconsolidation_comprehensive" name="test_tracker_bias_integration" time="0.001" /><testcase classname="tests.test_refactored_logic" name="test_lineage_verifier_concurrency" time="0.035" /><testcase classname="tests.test_refactored_logic" name="test_lineage_verifier_cycle" time="0.013" /><testcase classname="tests.test_refactored_logic" name="test_archaeologist_build_clusters" time="0.001" /><testcase classname="tests.test_refactored_logic" name="test_archaeologist_no_clusters" time="0.003" /></testsuite></testsuites>