============================= test session starts ==============================
platform darwin -- Python 3.14.4, pytest-9.0.2, pluggy-1.6.0 -- /opt/homebrew/opt/python@3.14/bin/python3.14
cachedir: .pytest_cache
hypothesis profile 'default'
rootdir: /Users/borjafernandezangulo/10_PROJECTS/cortex-persist
configfile: pyproject.toml
testpaths: tests
plugins: timeout-2.4.0, anyio-4.12.1, langsmith-0.7.27, xdist-3.8.0, asyncio-1.3.0, hypothesis-6.155.7, cov-7.0.0
timeout: 30.0s
timeout method: signal
timeout func_only: False
asyncio: mode=Mode.AUTO, debug=False, asyncio_default_fixture_loop_scope=function, asyncio_default_test_loop_scope=function
collecting ... collected 90 items / 72 deselected / 18 selected
run-last-failure: rerun previous 18 failures (skipped 346 files)

tests/forensic/test_strike_coordination.py::test_strike_density_assignment FAILED [  5%]
tests/guards/test_causal_closure_guard.py::test_low_token_cost_does_not_bypass_strict_checks FAILED [ 11%]
tests/guards/test_seals.py::test_seal_2_boundary FAILED                  [ 16%]
tests/guards/test_seals.py::test_seal_5_init_rejection FAILED            [ 22%]
tests/health/test_health.py::TestTrendPersistence::test_persist_round_trip FAILED [ 27%]
tests/health/test_health.py::TestTrendPersistence::test_prune_history FAILED [ 33%]
tests/ledger/test_hypothesis_ledger.py::test_ledger_append_invariants FAILED [ 38%]
tests/security/test_fault_injection_ledger.py::test_ledger_tamper_evident_corruption_detection FAILED [ 44%]
tests/test_autonomous_swarm.py::TestAutonomousSwarm::test_spectral_audit_refusal FAILED [ 50%]
tests/test_hito_2_2_topologic_validation.py::test_cascade_death_concurrent_drops FAILED [ 55%]
tests/test_hito_3_5_sanedrin_fixes.py::test_2pc_atomic_commit FAILED     [ 61%]
tests/test_hito_3_5_sanedrin_fixes.py::test_lease_locks_and_ghost_recovery FAILED [ 66%]
tests/test_metal_falsability.py::test_ataque_c_wal_injection +++++++++++++++++++++++++++++++++++ Timeout ++++++++++++++++++++++++++++++++++++
~~~~~~~~~~ Stack of Thread-9 (_connection_worker_thread) (6269497344) ~~~~~~~~~~
  File "/opt/homebrew/Cellar/python@3.14/3.14.4/Frameworks/Python.framework/Versions/3.14/lib/python3.14/threading.py", line 1044, in _bootstrap
    self._bootstrap_inner()
  File "/opt/homebrew/Cellar/python@3.14/3.14.4/Frameworks/Python.framework/Versions/3.14/lib/python3.14/threading.py", line 1082, in _bootstrap_inner
    self._context.run(self.run)
  File "/opt/homebrew/Cellar/python@3.14/3.14.4/Frameworks/Python.framework/Versions/3.14/lib/python3.14/threading.py", line 1024, in run
    self._target(*self._args, **self._kwargs)
  File "/opt/homebrew/lib/python3.14/site-packages/aiosqlite/core.py", line 59, in _connection_worker_thread
    future, function = tx.get()
~~~~~~~~~~ Stack of Thread-8 (_connection_worker_thread) (6252670976) ~~~~~~~~~~
  File "/opt/homebrew/Cellar/python@3.14/3.14.4/Frameworks/Python.framework/Versions/3.14/lib/python3.14/threading.py", line 1044, in _bootstrap
    self._bootstrap_inner()
  File "/opt/homebrew/Cellar/python@3.14/3.14.4/Frameworks/Python.framework/Versions/3.14/lib/python3.14/threading.py", line 1082, in _bootstrap_inner
    self._context.run(self.run)
  File "/opt/homebrew/Cellar/python@3.14/3.14.4/Frameworks/Python.framework/Versions/3.14/lib/python3.14/threading.py", line 1024, in run
    self._target(*self._args, **self._kwargs)
  File "/opt/homebrew/lib/python3.14/site-packages/aiosqlite/core.py", line 59, in _connection_worker_thread
    future, function = tx.get()
~~~~~~~~~~ Stack of Thread-7 (_connection_worker_thread) (6235844608) ~~~~~~~~~~
  File "/opt/homebrew/Cellar/python@3.14/3.14.4/Frameworks/Python.framework/Versions/3.14/lib/python3.14/threading.py", line 1044, in _bootstrap
    self._bootstrap_inner()
  File "/opt/homebrew/Cellar/python@3.14/3.14.4/Frameworks/Python.framework/Versions/3.14/lib/python3.14/threading.py", line 1082, in _bootstrap_inner
    self._context.run(self.run)
  File "/opt/homebrew/Cellar/python@3.14/3.14.4/Frameworks/Python.framework/Versions/3.14/lib/python3.14/threading.py", line 1024, in run
    self._target(*self._args, **self._kwargs)
  File "/opt/homebrew/lib/python3.14/site-packages/aiosqlite/core.py", line 59, in _connection_worker_thread
    future, function = tx.get()
~~~~~~~~~~ Stack of Thread-6 (_connection_worker_thread) (6219018240) ~~~~~~~~~~
  File "/opt/homebrew/Cellar/python@3.14/3.14.4/Frameworks/Python.framework/Versions/3.14/lib/python3.14/threading.py", line 1044, in _bootstrap
    self._bootstrap_inner()
  File "/opt/homebrew/Cellar/python@3.14/3.14.4/Frameworks/Python.framework/Versions/3.14/lib/python3.14/threading.py", line 1082, in _bootstrap_inner
    self._context.run(self.run)
  File "/opt/homebrew/Cellar/python@3.14/3.14.4/Frameworks/Python.framework/Versions/3.14/lib/python3.14/threading.py", line 1024, in run
    self._target(*self._args, **self._kwargs)
  File "/opt/homebrew/lib/python3.14/site-packages/aiosqlite/core.py", line 59, in _connection_worker_thread
    future, function = tx.get()
~~~~~~~~~~ Stack of Thread-5 (_connection_worker_thread) (6202191872) ~~~~~~~~~~
  File "/opt/homebrew/Cellar/python@3.14/3.14.4/Frameworks/Python.framework/Versions/3.14/lib/python3.14/threading.py", line 1044, in _bootstrap
    self._bootstrap_inner()
  File "/opt/homebrew/Cellar/python@3.14/3.14.4/Frameworks/Python.framework/Versions/3.14/lib/python3.14/threading.py", line 1082, in _bootstrap_inner
    self._context.run(self.run)
  File "/opt/homebrew/Cellar/python@3.14/3.14.4/Frameworks/Python.framework/Versions/3.14/lib/python3.14/threading.py", line 1024, in run
    self._target(*self._args, **self._kwargs)
  File "/opt/homebrew/lib/python3.14/site-packages/aiosqlite/core.py", line 59, in _connection_worker_thread
    future, function = tx.get()
+++++++++++++++++++++++++++++++++++ Timeout ++++++++++++++++++++++++++++++++++++
FAILED                                                                   [ 72%]
tests/test_optional_runtime_dependencies.py::test_cli_base_flow_without_extended_runtime_dependencies FAILED [ 77%]
tests/test_optional_runtime_dependencies.py::test_cli_base_flow_without_keyring_when_env_master_key_is_set FAILED [ 83%]
tests/test_optional_runtime_dependencies.py::test_async_sqlite_vec_loader_enables_vec0 FAILED [ 88%]
tests/test_ouroboros_pipeline.py::test_ouroboros_transcend_pipeline FAILED [ 94%]
tests/test_ttt_daemon.py::TestLLMProviderLoRARouting::test_vllm_routes_to_adapter_when_verified FAILED [100%]

=============================== warnings summary ===============================
<frozen importlib._bootstrap>:491
  <frozen importlib._bootstrap>:491: DeprecationWarning: builtin type SwigPyPacked has no __module__ attribute

<frozen importlib._bootstrap>:491
  <frozen importlib._bootstrap>:491: DeprecationWarning: builtin type SwigPyObject has no __module__ attribute

tests/test_metal_falsability.py:2
  /Users/borjafernandezangulo/10_PROJECTS/cortex-persist/tests/test_metal_falsability.py:2: PytestUnknownMarkWarning: Unknown pytest.mark.chaos - is this a typo?  You can register custom marks to avoid this warning - for details, see https://docs.pytest.org/en/stable/how-to/mark.html
    pytestmark = pytest.mark.chaos

tests/test_ttt_daemon.py:4
  /Users/borjafernandezangulo/10_PROJECTS/cortex-persist/tests/test_ttt_daemon.py:4: PytestUnknownMarkWarning: Unknown pytest.mark.integration - is this a typo?  You can register custom marks to avoid this warning - for details, see https://docs.pytest.org/en/stable/how-to/mark.html
    pytestmark = pytest.mark.integration

-- Docs: https://docs.pytest.org/en/stable/how-to/capture-warnings.html
=========================== short test summary info ============================
FAILED tests/forensic/test_strike_coordination.py::test_strike_density_assignment
FAILED tests/guards/test_causal_closure_guard.py::test_low_token_cost_does_not_bypass_strict_checks
FAILED tests/guards/test_seals.py::test_seal_2_boundary - assert False is True
FAILED tests/guards/test_seals.py::test_seal_5_init_rejection - assert True i...
FAILED tests/health/test_health.py::TestTrendPersistence::test_persist_round_trip
FAILED tests/health/test_health.py::TestTrendPersistence::test_prune_history
FAILED tests/ledger/test_hypothesis_ledger.py::test_ledger_append_invariants
FAILED tests/security/test_fault_injection_ledger.py::test_ledger_tamper_evident_corruption_detection
FAILED tests/test_autonomous_swarm.py::TestAutonomousSwarm::test_spectral_audit_refusal
FAILED tests/test_hito_2_2_topologic_validation.py::test_cascade_death_concurrent_drops
FAILED tests/test_hito_3_5_sanedrin_fixes.py::test_2pc_atomic_commit - sqlite...
FAILED tests/test_hito_3_5_sanedrin_fixes.py::test_lease_locks_and_ghost_recovery
FAILED tests/test_metal_falsability.py::test_ataque_c_wal_injection - Failed:...
FAILED tests/test_optional_runtime_dependencies.py::test_cli_base_flow_without_extended_runtime_dependencies
FAILED tests/test_optional_runtime_dependencies.py::test_cli_base_flow_without_keyring_when_env_master_key_is_set
FAILED tests/test_optional_runtime_dependencies.py::test_async_sqlite_vec_loader_enables_vec0
FAILED tests/test_ouroboros_pipeline.py::test_ouroboros_transcend_pipeline - ...
FAILED tests/test_ttt_daemon.py::TestLLMProviderLoRARouting::test_vllm_routes_to_adapter_when_verified
================ 18 failed, 72 deselected, 4 warnings in 44.33s ================
